Started GET "/" for ::1 at 2020-11-03 17:07:51 +1100

ActiveRecord::NoDatabaseError (FATAL:  database "airlines-server_development" does not exist
):

activerecord (5.2.4.4) lib/active_record/connection_adapters/postgresql_adapter.rb:696:in `rescue in connect'
activerecord (5.2.4.4) lib/active_record/connection_adapters/postgresql_adapter.rb:691:in `connect'
activerecord (5.2.4.4) lib/active_record/connection_adapters/postgresql_adapter.rb:223:in `initialize'
activerecord (5.2.4.4) lib/active_record/connection_adapters/postgresql_adapter.rb:48:in `new'
activerecord (5.2.4.4) lib/active_record/connection_adapters/postgresql_adapter.rb:48:in `postgresql_connection'
activerecord (5.2.4.4) lib/active_record/connection_adapters/abstract/connection_pool.rb:830:in `new_connection'
activerecord (5.2.4.4) lib/active_record/connection_adapters/abstract/connection_pool.rb:874:in `checkout_new_connection'
activerecord (5.2.4.4) lib/active_record/connection_adapters/abstract/connection_pool.rb:853:in `try_to_checkout_new_connection'
activerecord (5.2.4.4) lib/active_record/connection_adapters/abstract/connection_pool.rb:814:in `acquire_connection'
activerecord (5.2.4.4) lib/active_record/connection_adapters/abstract/connection_pool.rb:538:in `checkout'
activerecord (5.2.4.4) lib/active_record/connection_adapters/abstract/connection_pool.rb:382:in `connection'
activerecord (5.2.4.4) lib/active_record/connection_adapters/abstract/connection_pool.rb:1033:in `retrieve_connection'
activerecord (5.2.4.4) lib/active_record/connection_handling.rb:118:in `retrieve_connection'
activerecord (5.2.4.4) lib/active_record/connection_handling.rb:90:in `connection'
activerecord (5.2.4.4) lib/active_record/migration.rb:554:in `call'
actionpack (5.2.4.4) lib/action_dispatch/middleware/callbacks.rb:28:in `block in call'
activesupport (5.2.4.4) lib/active_support/callbacks.rb:98:in `run_callbacks'
actionpack (5.2.4.4) lib/action_dispatch/middleware/callbacks.rb:26:in `call'
actionpack (5.2.4.4) lib/action_dispatch/middleware/executor.rb:14:in `call'
actionpack (5.2.4.4) lib/action_dispatch/middleware/debug_exceptions.rb:61:in `call'
web-console (3.7.0) lib/web_console/middleware.rb:135:in `call_app'
web-console (3.7.0) lib/web_console/middleware.rb:30:in `block in call'
web-console (3.7.0) lib/web_console/middleware.rb:20:in `catch'
web-console (3.7.0) lib/web_console/middleware.rb:20:in `call'
actionpack (5.2.4.4) lib/action_dispatch/middleware/show_exceptions.rb:33:in `call'
railties (5.2.4.4) lib/rails/rack/logger.rb:38:in `call_app'
railties (5.2.4.4) lib/rails/rack/logger.rb:26:in `block in call'
activesupport (5.2.4.4) lib/active_support/tagged_logging.rb:71:in `block in tagged'
activesupport (5.2.4.4) lib/active_support/tagged_logging.rb:28:in `tagged'
activesupport (5.2.4.4) lib/active_support/tagged_logging.rb:71:in `tagged'
railties (5.2.4.4) lib/rails/rack/logger.rb:26:in `call'
sprockets-rails (3.2.2) lib/sprockets/rails/quiet_assets.rb:13:in `call'
actionpack (5.2.4.4) lib/action_dispatch/middleware/remote_ip.rb:81:in `call'
actionpack (5.2.4.4) lib/action_dispatch/middleware/request_id.rb:27:in `call'
rack (2.2.3) lib/rack/method_override.rb:24:in `call'
rack (2.2.3) lib/rack/runtime.rb:22:in `call'
activesupport (5.2.4.4) lib/active_support/cache/strategy/local_cache_middleware.rb:29:in `call'
actionpack (5.2.4.4) lib/action_dispatch/middleware/executor.rb:14:in `call'
actionpack (5.2.4.4) lib/action_dispatch/middleware/static.rb:127:in `call'
rack (2.2.3) lib/rack/sendfile.rb:110:in `call'
railties (5.2.4.4) lib/rails/engine.rb:524:in `call'
puma (3.12.6) lib/puma/configuration.rb:227:in `call'
puma (3.12.6) lib/puma/server.rb:706:in `handle_request'
puma (3.12.6) lib/puma/server.rb:476:in `process_client'
puma (3.12.6) lib/puma/server.rb:334:in `block in run'
puma (3.12.6) lib/puma/thread_pool.rb:135:in `block in spawn_thread'
  [1m[35m (349.6ms)[0m  [1m[35mCREATE DATABASE "airlines-server_development" ENCODING = 'unicode'[0m
  ↳ /Users/henryzhang/.rvm/rubies/ruby-2.7.1/lib/ruby/gems/2.7.0/gems/rake-13.0.1/lib/rake/task.rb:281
  [1m[35m (111.6ms)[0m  [1m[35mCREATE DATABASE "airlines-server_test" ENCODING = 'unicode'[0m
  ↳ /Users/henryzhang/.rvm/rubies/ruby-2.7.1/lib/ruby/gems/2.7.0/gems/rake-13.0.1/lib/rake/task.rb:281
  [1m[35m (19.0ms)[0m  [1m[35mCREATE TABLE "schema_migrations" ("version" character varying NOT NULL PRIMARY KEY)[0m
  ↳ /Users/henryzhang/.rvm/rubies/ruby-2.7.1/lib/ruby/gems/2.7.0/gems/rake-13.0.1/lib/rake/task.rb:281
  [1m[35m (5.2ms)[0m  [1m[35mCREATE TABLE "ar_internal_metadata" ("key" character varying NOT NULL PRIMARY KEY, "value" character varying, "created_at" timestamp NOT NULL, "updated_at" timestamp NOT NULL)[0m
  ↳ /Users/henryzhang/.rvm/rubies/ruby-2.7.1/lib/ruby/gems/2.7.0/gems/rake-13.0.1/lib/rake/task.rb:281
  [1m[35m (1.0ms)[0m  [1m[34mSELECT pg_try_advisory_lock(2965226885080345935)[0m
  ↳ /Users/henryzhang/.rvm/rubies/ruby-2.7.1/lib/ruby/gems/2.7.0/gems/rake-13.0.1/lib/rake/task.rb:281
  [1m[35m (1.3ms)[0m  [1m[34mSELECT "schema_migrations"."version" FROM "schema_migrations" ORDER BY "schema_migrations"."version" ASC[0m
  ↳ /Users/henryzhang/.rvm/rubies/ruby-2.7.1/lib/ruby/gems/2.7.0/gems/rake-13.0.1/lib/rake/task.rb:281
Migrating to CreateFlights (20201103085420)
  [1m[35m (0.2ms)[0m  [1m[35mBEGIN[0m
  ↳ /Users/henryzhang/.rvm/rubies/ruby-2.7.1/lib/ruby/gems/2.7.0/gems/rake-13.0.1/lib/rake/task.rb:281
  [1m[35m (11.9ms)[0m  [1m[35mCREATE TABLE "flights" ("id" bigserial primary key, "flight_number" text, "flight_date" date, "origin" text, "destination" text, "airplane_id" integer, "user_id" integer, "created_at" timestamp NOT NULL, "updated_at" timestamp NOT NULL)[0m
  ↳ db/migrate/20201103085420_create_flights.rb:3
  [1m[36mActiveRecord::SchemaMigration Create (2.3ms)[0m  [1m[32mINSERT INTO "schema_migrations" ("version") VALUES ($1) RETURNING "version"[0m  [["version", "20201103085420"]]
  ↳ /Users/henryzhang/.rvm/rubies/ruby-2.7.1/lib/ruby/gems/2.7.0/gems/rake-13.0.1/lib/rake/task.rb:281
  [1m[35m (0.9ms)[0m  [1m[35mCOMMIT[0m
  ↳ /Users/henryzhang/.rvm/rubies/ruby-2.7.1/lib/ruby/gems/2.7.0/gems/rake-13.0.1/lib/rake/task.rb:281
  [1m[36mActiveRecord::InternalMetadata Load (0.6ms)[0m  [1m[34mSELECT  "ar_internal_metadata".* FROM "ar_internal_metadata" WHERE "ar_internal_metadata"."key" = $1 LIMIT $2[0m  [["key", "environment"], ["LIMIT", 1]]
  ↳ /Users/henryzhang/.rvm/rubies/ruby-2.7.1/lib/ruby/gems/2.7.0/gems/rake-13.0.1/lib/rake/task.rb:281
  [1m[35m (0.2ms)[0m  [1m[35mBEGIN[0m
  ↳ /Users/henryzhang/.rvm/rubies/ruby-2.7.1/lib/ruby/gems/2.7.0/gems/rake-13.0.1/lib/rake/task.rb:281
  [1m[36mActiveRecord::InternalMetadata Create (1.9ms)[0m  [1m[32mINSERT INTO "ar_internal_metadata" ("key", "value", "created_at", "updated_at") VALUES ($1, $2, $3, $4) RETURNING "key"[0m  [["key", "environment"], ["value", "development"], ["created_at", "2020-11-03 08:56:05.960022"], ["updated_at", "2020-11-03 08:56:05.960022"]]
  ↳ /Users/henryzhang/.rvm/rubies/ruby-2.7.1/lib/ruby/gems/2.7.0/gems/rake-13.0.1/lib/rake/task.rb:281
  [1m[35m (0.4ms)[0m  [1m[35mCOMMIT[0m
  ↳ /Users/henryzhang/.rvm/rubies/ruby-2.7.1/lib/ruby/gems/2.7.0/gems/rake-13.0.1/lib/rake/task.rb:281
  [1m[35m (0.3ms)[0m  [1m[34mSELECT pg_advisory_unlock(2965226885080345935)[0m
  ↳ /Users/henryzhang/.rvm/rubies/ruby-2.7.1/lib/ruby/gems/2.7.0/gems/rake-13.0.1/lib/rake/task.rb:281
  [1m[35m (0.4ms)[0m  [1m[34mSELECT "schema_migrations"."version" FROM "schema_migrations" ORDER BY "schema_migrations"."version" ASC[0m
  ↳ /Users/henryzhang/.rvm/rubies/ruby-2.7.1/lib/ruby/gems/2.7.0/gems/rake-13.0.1/lib/rake/task.rb:281
  [1m[35m (0.7ms)[0m  [1m[34mSELECT "schema_migrations"."version" FROM "schema_migrations" ORDER BY "schema_migrations"."version" ASC[0m
  ↳ /Users/michaelhulbert/.rvm/rubies/ruby-2.7.1/lib/ruby/gems/2.7.0/gems/rake-13.0.1/lib/rake/task.rb:281
  [1m[36mUser Load (0.6ms)[0m  [1m[34mSELECT "users".* FROM "users"[0m
  ↳ db/seeds.rb:1
  [1m[35m (0.1ms)[0m  [1m[35mBEGIN[0m
  ↳ db/seeds.rb:1
  [1m[36mUser Destroy (0.5ms)[0m  [1m[31mDELETE FROM "users" WHERE "users"."id" = $1[0m  [["id", 10]]
  ↳ db/seeds.rb:1
  [1m[35m (0.6ms)[0m  [1m[35mCOMMIT[0m
  ↳ db/seeds.rb:1
  [1m[35m (0.2ms)[0m  [1m[35mBEGIN[0m
  ↳ db/seeds.rb:1
  [1m[36mUser Destroy (0.3ms)[0m  [1m[31mDELETE FROM "users" WHERE "users"."id" = $1[0m  [["id", 11]]
  ↳ db/seeds.rb:1
  [1m[35m (0.4ms)[0m  [1m[35mCOMMIT[0m
  ↳ db/seeds.rb:1
  [1m[35m (0.1ms)[0m  [1m[35mBEGIN[0m
  ↳ db/seeds.rb:1
  [1m[36mUser Destroy (0.3ms)[0m  [1m[31mDELETE FROM "users" WHERE "users"."id" = $1[0m  [["id", 12]]
  ↳ db/seeds.rb:1
  [1m[35m (0.5ms)[0m  [1m[35mCOMMIT[0m
  ↳ db/seeds.rb:1
  [1m[35m (0.1ms)[0m  [1m[35mBEGIN[0m
  ↳ db/seeds.rb:2
  [1m[35m (0.1ms)[0m  [1m[31mROLLBACK[0m
  ↳ db/seeds.rb:2
  [1m[35m (0.1ms)[0m  [1m[35mBEGIN[0m
  ↳ db/seeds.rb:3
  [1m[35m (0.1ms)[0m  [1m[31mROLLBACK[0m
  ↳ db/seeds.rb:3
  [1m[35m (0.1ms)[0m  [1m[35mBEGIN[0m
  ↳ db/seeds.rb:4
  [1m[35m (0.1ms)[0m  [1m[31mROLLBACK[0m
  ↳ db/seeds.rb:4
  [1m[35m (0.4ms)[0m  [1m[34mSELECT COUNT(*) FROM "users"[0m
  ↳ db/seeds.rb:5
  [1m[36mAirplane Load (0.7ms)[0m  [1m[34mSELECT "airplanes".* FROM "airplanes"[0m
  ↳ db/seeds.rb:7
  [1m[35m (0.2ms)[0m  [1m[35mBEGIN[0m
  ↳ db/seeds.rb:7
  [1m[36mAirplane Destroy (0.4ms)[0m  [1m[31mDELETE FROM "airplanes" WHERE "airplanes"."id" = $1[0m  [["id", 1]]
  ↳ db/seeds.rb:7
  [1m[35m (0.8ms)[0m  [1m[35mCOMMIT[0m
  ↳ db/seeds.rb:7
  [1m[35m (0.2ms)[0m  [1m[35mBEGIN[0m
  ↳ db/seeds.rb:7
  [1m[36mAirplane Destroy (0.3ms)[0m  [1m[31mDELETE FROM "airplanes" WHERE "airplanes"."id" = $1[0m  [["id", 2]]
  ↳ db/seeds.rb:7
  [1m[35m (0.5ms)[0m  [1m[35mCOMMIT[0m
  ↳ db/seeds.rb:7
  [1m[35m (0.2ms)[0m  [1m[35mBEGIN[0m
  ↳ db/seeds.rb:7
  [1m[36mAirplane Destroy (0.4ms)[0m  [1m[31mDELETE FROM "airplanes" WHERE "airplanes"."id" = $1[0m  [["id", 3]]
  ↳ db/seeds.rb:7
  [1m[35m (0.5ms)[0m  [1m[35mCOMMIT[0m
  ↳ db/seeds.rb:7
  [1m[35m (0.2ms)[0m  [1m[35mBEGIN[0m
  ↳ db/seeds.rb:9
  [1m[36mAirplane Create (1.1ms)[0m  [1m[32mINSERT INTO "airplanes" ("name", "rows", "columns") VALUES ($1, $2, $3) RETURNING "id"[0m  [["name", "GA123"], ["rows", 4], ["columns", 20]]
  ↳ db/seeds.rb:9
  [1m[35m (0.4ms)[0m  [1m[35mCOMMIT[0m
  ↳ db/seeds.rb:9
  [1m[35m (0.1ms)[0m  [1m[35mBEGIN[0m
  ↳ db/seeds.rb:10
  [1m[36mAirplane Create (0.3ms)[0m  [1m[32mINSERT INTO "airplanes" ("name", "rows", "columns") VALUES ($1, $2, $3) RETURNING "id"[0m  [["name", "GA456"], ["rows", 5], ["columns", 22]]
  ↳ db/seeds.rb:10
  [1m[35m (0.5ms)[0m  [1m[35mCOMMIT[0m
  ↳ db/seeds.rb:10
  [1m[35m (0.1ms)[0m  [1m[35mBEGIN[0m
  ↳ db/seeds.rb:11
  [1m[36mAirplane Create (0.3ms)[0m  [1m[32mINSERT INTO "airplanes" ("name", "rows", "columns") VALUES ($1, $2, $3) RETURNING "id"[0m  [["name", "GA789"], ["rows", 6], ["columns", 20]]
  ↳ db/seeds.rb:11
  [1m[35m (0.5ms)[0m  [1m[35mCOMMIT[0m
  ↳ db/seeds.rb:11
  [1m[35m (0.3ms)[0m  [1m[34mSELECT COUNT(*) FROM "airplanes"[0m
  ↳ db/seeds.rb:12
  [1m[35m (0.8ms)[0m  [1m[34mSELECT "schema_migrations"."version" FROM "schema_migrations" ORDER BY "schema_migrations"."version" ASC[0m
  ↳ /Users/michaelhulbert/.rvm/rubies/ruby-2.7.1/lib/ruby/gems/2.7.0/gems/rake-13.0.1/lib/rake/task.rb:281
  [1m[36mUser Load (0.8ms)[0m  [1m[34mSELECT "users".* FROM "users"[0m
  ↳ db/seeds.rb:1
  [1m[35m (0.2ms)[0m  [1m[35mBEGIN[0m
  ↳ db/seeds.rb:2
  [1m[35m (0.1ms)[0m  [1m[31mROLLBACK[0m
  ↳ db/seeds.rb:2
  [1m[35m (0.1ms)[0m  [1m[35mBEGIN[0m
  ↳ db/seeds.rb:3
  [1m[35m (0.1ms)[0m  [1m[31mROLLBACK[0m
  ↳ db/seeds.rb:3
  [1m[35m (0.1ms)[0m  [1m[35mBEGIN[0m
  ↳ db/seeds.rb:4
  [1m[35m (0.2ms)[0m  [1m[31mROLLBACK[0m
  ↳ db/seeds.rb:4
  [1m[35m (0.5ms)[0m  [1m[34mSELECT COUNT(*) FROM "users"[0m
  ↳ db/seeds.rb:5
  [1m[36mAirplane Load (0.6ms)[0m  [1m[34mSELECT "airplanes".* FROM "airplanes"[0m
  ↳ db/seeds.rb:7
  [1m[35m (0.2ms)[0m  [1m[35mBEGIN[0m
  ↳ db/seeds.rb:7
  [1m[36mAirplane Destroy (0.6ms)[0m  [1m[31mDELETE FROM "airplanes" WHERE "airplanes"."id" = $1[0m  [["id", 4]]
  ↳ db/seeds.rb:7
  [1m[35m (1.1ms)[0m  [1m[35mCOMMIT[0m
  ↳ db/seeds.rb:7
  [1m[35m (0.2ms)[0m  [1m[35mBEGIN[0m
  ↳ db/seeds.rb:7
  [1m[36mAirplane Destroy (0.3ms)[0m  [1m[31mDELETE FROM "airplanes" WHERE "airplanes"."id" = $1[0m  [["id", 5]]
  ↳ db/seeds.rb:7
  [1m[35m (0.6ms)[0m  [1m[35mCOMMIT[0m
  ↳ db/seeds.rb:7
  [1m[35m (0.3ms)[0m  [1m[35mBEGIN[0m
  ↳ db/seeds.rb:7
  [1m[36mAirplane Destroy (0.3ms)[0m  [1m[31mDELETE FROM "airplanes" WHERE "airplanes"."id" = $1[0m  [["id", 6]]
  ↳ db/seeds.rb:7
  [1m[35m (0.4ms)[0m  [1m[35mCOMMIT[0m
  ↳ db/seeds.rb:7
  [1m[35m (0.1ms)[0m  [1m[35mBEGIN[0m
  ↳ db/seeds.rb:9
  [1m[36mAirplane Create (0.4ms)[0m  [1m[32mINSERT INTO "airplanes" ("name", "rows", "columns") VALUES ($1, $2, $3) RETURNING "id"[0m  [["name", "GA123"], ["rows", 4], ["columns", 20]]
  ↳ db/seeds.rb:9
  [1m[35m (0.4ms)[0m  [1m[35mCOMMIT[0m
  ↳ db/seeds.rb:9
  [1m[35m (0.1ms)[0m  [1m[35mBEGIN[0m
  ↳ db/seeds.rb:10
  [1m[36mAirplane Create (0.2ms)[0m  [1m[32mINSERT INTO "airplanes" ("name", "rows", "columns") VALUES ($1, $2, $3) RETURNING "id"[0m  [["name", "GA456"], ["rows", 5], ["columns", 22]]
  ↳ db/seeds.rb:10
  [1m[35m (0.5ms)[0m  [1m[35mCOMMIT[0m
  ↳ db/seeds.rb:10
  [1m[35m (0.1ms)[0m  [1m[35mBEGIN[0m
  ↳ db/seeds.rb:11
  [1m[36mAirplane Create (0.3ms)[0m  [1m[32mINSERT INTO "airplanes" ("name", "rows", "columns") VALUES ($1, $2, $3) RETURNING "id"[0m  [["name", "GA789"], ["rows", 6], ["columns", 20]]
  ↳ db/seeds.rb:11
  [1m[35m (0.5ms)[0m  [1m[35mCOMMIT[0m
  ↳ db/seeds.rb:11
  [1m[35m (0.4ms)[0m  [1m[34mSELECT COUNT(*) FROM "airplanes"[0m
  ↳ db/seeds.rb:12
  [1m[35m (1.1ms)[0m  [1m[34mSELECT "schema_migrations"."version" FROM "schema_migrations" ORDER BY "schema_migrations"."version" ASC[0m
  ↳ /Users/michaelhulbert/.rvm/rubies/ruby-2.7.1/lib/ruby/gems/2.7.0/gems/rake-13.0.1/lib/rake/task.rb:281
  [1m[36mUser Load (0.6ms)[0m  [1m[34mSELECT "users".* FROM "users"[0m
  ↳ db/seeds.rb:1
  [1m[35m (0.2ms)[0m  [1m[35mBEGIN[0m
  ↳ db/seeds.rb:2
  [1m[36mUser Create (0.5ms)[0m  [1m[32mINSERT INTO "users" ("email", "name", "password_digest", "is_admin", "created_at", "updated_at") VALUES ($1, $2, $3, $4, $5, $6) RETURNING "id"[0m  [["email", "nick@ga.com"], ["name", "Nick"], ["password_digest", "$2a$12$jjgewpWCOJaQxTq7qVuevevo95.eJERwrUhOXvCh/YJcUYa59P7.K"], ["is_admin", true], ["created_at", "2020-11-03 07:15:59.872933"], ["updated_at", "2020-11-03 07:15:59.872933"]]
  ↳ db/seeds.rb:2
  [1m[35m (1.9ms)[0m  [1m[35mCOMMIT[0m
  ↳ db/seeds.rb:2
  [1m[35m (0.2ms)[0m  [1m[35mBEGIN[0m
  ↳ db/seeds.rb:3
  [1m[36mUser Create (0.4ms)[0m  [1m[32mINSERT INTO "users" ("email", "name", "password_digest", "is_admin", "created_at", "updated_at") VALUES ($1, $2, $3, $4, $5, $6) RETURNING "id"[0m  [["email", "mike@ga.com"], ["name", "Mike"], ["password_digest", "$2a$12$GP7Lw.7HvSE7dS.F8qALE.fWk2sKys9IaeGnsL4AM9IVYxNyhKuI."], ["is_admin", true], ["created_at", "2020-11-03 07:16:00.155494"], ["updated_at", "2020-11-03 07:16:00.155494"]]
  ↳ db/seeds.rb:3
  [1m[35m (1.9ms)[0m  [1m[35mCOMMIT[0m
  ↳ db/seeds.rb:3
  [1m[35m (0.2ms)[0m  [1m[35mBEGIN[0m
  ↳ db/seeds.rb:4
  [1m[36mUser Create (0.3ms)[0m  [1m[32mINSERT INTO "users" ("email", "name", "password_digest", "is_admin", "created_at", "updated_at") VALUES ($1, $2, $3, $4, $5, $6) RETURNING "id"[0m  [["email", "henry@ga.com"], ["name", "Henry"], ["password_digest", "$2a$12$l9jChWhbxu6pBUVsw6gTMe3UNHzeg6/ijSjFZ1fOg07lBZQlCKw7O"], ["is_admin", true], ["created_at", "2020-11-03 07:16:00.395242"], ["updated_at", "2020-11-03 07:16:00.395242"]]
  ↳ db/seeds.rb:4
  [1m[35m (1.6ms)[0m  [1m[35mCOMMIT[0m
  ↳ db/seeds.rb:4
  [1m[35m (0.5ms)[0m  [1m[34mSELECT COUNT(*) FROM "users"[0m
  ↳ db/seeds.rb:5
  [1m[36mAirplane Load (0.7ms)[0m  [1m[34mSELECT "airplanes".* FROM "airplanes"[0m
  ↳ db/seeds.rb:7
  [1m[35m (0.5ms)[0m  [1m[35mBEGIN[0m
  ↳ db/seeds.rb:7
  [1m[36mAirplane Destroy (0.4ms)[0m  [1m[31mDELETE FROM "airplanes" WHERE "airplanes"."id" = $1[0m  [["id", 7]]
  ↳ db/seeds.rb:7
  [1m[35m (0.4ms)[0m  [1m[35mCOMMIT[0m
  ↳ db/seeds.rb:7
  [1m[35m (0.1ms)[0m  [1m[35mBEGIN[0m
  ↳ db/seeds.rb:7
  [1m[36mAirplane Destroy (0.2ms)[0m  [1m[31mDELETE FROM "airplanes" WHERE "airplanes"."id" = $1[0m  [["id", 8]]
  ↳ db/seeds.rb:7
  [1m[35m (0.3ms)[0m  [1m[35mCOMMIT[0m
  ↳ db/seeds.rb:7
  [1m[35m (0.1ms)[0m  [1m[35mBEGIN[0m
  ↳ db/seeds.rb:7
  [1m[36mAirplane Destroy (0.2ms)[0m  [1m[31mDELETE FROM "airplanes" WHERE "airplanes"."id" = $1[0m  [["id", 9]]
  ↳ db/seeds.rb:7
  [1m[35m (0.4ms)[0m  [1m[35mCOMMIT[0m
  ↳ db/seeds.rb:7
  [1m[35m (0.1ms)[0m  [1m[35mBEGIN[0m
  ↳ db/seeds.rb:9
  [1m[36mAirplane Create (0.3ms)[0m  [1m[32mINSERT INTO "airplanes" ("name", "rows", "columns") VALUES ($1, $2, $3) RETURNING "id"[0m  [["name", "GA123"], ["rows", 4], ["columns", 20]]
  ↳ db/seeds.rb:9
  [1m[35m (0.3ms)[0m  [1m[35mCOMMIT[0m
  ↳ db/seeds.rb:9
  [1m[35m (0.1ms)[0m  [1m[35mBEGIN[0m
  ↳ db/seeds.rb:10
  [1m[36mAirplane Create (0.3ms)[0m  [1m[32mINSERT INTO "airplanes" ("name", "rows", "columns") VALUES ($1, $2, $3) RETURNING "id"[0m  [["name", "GA456"], ["rows", 5], ["columns", 22]]
  ↳ db/seeds.rb:10
  [1m[35m (0.3ms)[0m  [1m[35mCOMMIT[0m
  ↳ db/seeds.rb:10
  [1m[35m (0.1ms)[0m  [1m[35mBEGIN[0m
  ↳ db/seeds.rb:11
  [1m[36mAirplane Create (0.3ms)[0m  [1m[32mINSERT INTO "airplanes" ("name", "rows", "columns") VALUES ($1, $2, $3) RETURNING "id"[0m  [["name", "GA789"], ["rows", 6], ["columns", 20]]
  ↳ db/seeds.rb:11
  [1m[35m (0.5ms)[0m  [1m[35mCOMMIT[0m
  ↳ db/seeds.rb:11
  [1m[35m (0.3ms)[0m  [1m[34mSELECT COUNT(*) FROM "airplanes"[0m
  ↳ db/seeds.rb:12
  [1m[35m (0.2ms)[0m  [1m[34mSELECT pg_try_advisory_lock(2965226885080345935)[0m
  ↳ /Users/michaelhulbert/.rvm/rubies/ruby-2.7.1/lib/ruby/gems/2.7.0/gems/rake-13.0.1/lib/rake/task.rb:281
  [1m[35m (0.8ms)[0m  [1m[34mSELECT "schema_migrations"."version" FROM "schema_migrations" ORDER BY "schema_migrations"."version" ASC[0m
  ↳ /Users/michaelhulbert/.rvm/rubies/ruby-2.7.1/lib/ruby/gems/2.7.0/gems/rake-13.0.1/lib/rake/task.rb:281
  [1m[36mActiveRecord::InternalMetadata Load (0.5ms)[0m  [1m[34mSELECT  "ar_internal_metadata".* FROM "ar_internal_metadata" WHERE "ar_internal_metadata"."key" = $1 LIMIT $2[0m  [["key", "environment"], ["LIMIT", 1]]
  ↳ /Users/michaelhulbert/.rvm/rubies/ruby-2.7.1/lib/ruby/gems/2.7.0/gems/rake-13.0.1/lib/rake/task.rb:281
  [1m[35m (0.1ms)[0m  [1m[35mBEGIN[0m
  ↳ /Users/michaelhulbert/.rvm/rubies/ruby-2.7.1/lib/ruby/gems/2.7.0/gems/rake-13.0.1/lib/rake/task.rb:281
  [1m[35m (0.1ms)[0m  [1m[35mCOMMIT[0m
  ↳ /Users/michaelhulbert/.rvm/rubies/ruby-2.7.1/lib/ruby/gems/2.7.0/gems/rake-13.0.1/lib/rake/task.rb:281
  [1m[35m (0.2ms)[0m  [1m[34mSELECT pg_advisory_unlock(2965226885080345935)[0m
  ↳ /Users/michaelhulbert/.rvm/rubies/ruby-2.7.1/lib/ruby/gems/2.7.0/gems/rake-13.0.1/lib/rake/task.rb:281
  [1m[35m (0.2ms)[0m  [1m[34mSELECT "schema_migrations"."version" FROM "schema_migrations" ORDER BY "schema_migrations"."version" ASC[0m
  ↳ /Users/michaelhulbert/.rvm/rubies/ruby-2.7.1/lib/ruby/gems/2.7.0/gems/rake-13.0.1/lib/rake/task.rb:281
>>>>>>> 0e6046c84dde05cb4b52a4335d81e6a16da6ea57
Started GET "/" for ::1 at 2020-11-03 19:21:32 +1100
  [1m[35m (2.3ms)[0m  [1m[34mSELECT "schema_migrations"."version" FROM "schema_migrations" ORDER BY "schema_migrations"."version" ASC[0m
  ↳ /Users/michaelhulbert/.rvm/gems/ruby-2.7.1/gems/activerecord-5.2.4.4/lib/active_record/log_subscriber.rb:98
Processing by SessionController#new as HTML
  Rendering session/new.html.erb within layouts/application
  Rendered session/new.html.erb within layouts/application (1.3ms)
Completed 200 OK in 466ms (Views: 458.8ms | ActiveRecord: 0.0ms)


Started GET "/airplanes" for ::1 at 2020-11-03 19:21:41 +1100
Processing by AirplanesController#index as HTML
  Rendering airplanes/index.html.erb within layouts/application
  [1m[36mAirplane Load (18.9ms)[0m  [1m[34mSELECT "airplanes".* FROM "airplanes"[0m
  ↳ app/views/airplanes/index.html.erb:5
  Rendered airplanes/index.html.erb within layouts/application (62.9ms)
Completed 200 OK in 203ms (Views: 32.2ms | ActiveRecord: 50.6ms)


Started GET "/airplanes/10" for ::1 at 2020-11-03 19:22:39 +1100
Processing by AirplanesController#show as HTML
  Parameters: {"id"=>"10"}
  [1m[36mAirplane Load (1.2ms)[0m  [1m[34mSELECT  "airplanes".* FROM "airplanes" WHERE "airplanes"."id" = $1 LIMIT $2[0m  [["id", 10], ["LIMIT", 1]]
  ↳ app/controllers/airplanes_controller.rb:16
  Rendering airplanes/show.html.erb within layouts/application
  Rendered airplanes/show.html.erb within layouts/application (1.8ms)
Completed 200 OK in 56ms (Views: 31.2ms | ActiveRecord: 11.0ms)


Started GET "/login" for ::1 at 2020-11-03 19:23:22 +1100
Processing by SessionController#new as HTML
  Rendering session/new.html.erb within layouts/application
  Rendered session/new.html.erb within layouts/application (1.6ms)
Completed 200 OK in 40ms (Views: 37.0ms | ActiveRecord: 0.0ms)


Started POST "/login" for ::1 at 2020-11-03 19:23:30 +1100
Processing by SessionController#create as HTML
  Parameters: {"utf8"=>"✓", "authenticity_token"=>"3+bv6lx4+QL13yfUZUQWyV8Y9zOSUrrkaZVUoD/7Qudb4wt0+0n5cpoffBS7QcXVlu19gF/cWK+MKSmqz11u+Q==", "email"=>"mike@ga.com", "password"=>"[FILTERED]", "commit"=>"Log In"}
  [1m[36mUser Load (1.5ms)[0m  [1m[34mSELECT  "users".* FROM "users" WHERE "users"."email" = $1 LIMIT $2[0m  [["email", "mike@ga.com"], ["LIMIT", 1]]
  ↳ app/controllers/session_controller.rb:6
Redirected to http://localhost:3000/users
Completed 302 Found in 336ms (ActiveRecord: 7.4ms)


Started GET "/users" for ::1 at 2020-11-03 19:23:31 +1100
Processing by UsersController#index as HTML
  [1m[36mUser Load (0.3ms)[0m  [1m[34mSELECT  "users".* FROM "users" WHERE "users"."id" = $1 LIMIT $2[0m  [["id", 14], ["LIMIT", 1]]
  ↳ app/controllers/application_controller.rb:6
  Rendering users/index.html.erb within layouts/application
  [1m[36mUser Load (0.3ms)[0m  [1m[34mSELECT "users".* FROM "users"[0m
  ↳ app/views/users/index.html.erb:16
  Rendered users/index.html.erb within layouts/application (2.5ms)
Completed 200 OK in 21ms (Views: 18.2ms | ActiveRecord: 0.6ms)


Started GET "/airplanes" for ::1 at 2020-11-03 19:23:41 +1100
Processing by AirplanesController#index as HTML
  [1m[36mUser Load (0.4ms)[0m  [1m[34mSELECT  "users".* FROM "users" WHERE "users"."id" = $1 LIMIT $2[0m  [["id", 14], ["LIMIT", 1]]
  ↳ app/controllers/application_controller.rb:6
  Rendering airplanes/index.html.erb within layouts/application
  [1m[36mAirplane Load (0.4ms)[0m  [1m[34mSELECT "airplanes".* FROM "airplanes"[0m
  ↳ app/views/airplanes/index.html.erb:5
  Rendered airplanes/index.html.erb within layouts/application (2.1ms)
Completed 200 OK in 23ms (Views: 19.0ms | ActiveRecord: 0.8ms)


Started GET "/airplanes/10" for ::1 at 2020-11-03 19:23:45 +1100
Processing by AirplanesController#show as HTML
  Parameters: {"id"=>"10"}
  [1m[36mUser Load (2.9ms)[0m  [1m[34mSELECT  "users".* FROM "users" WHERE "users"."id" = $1 LIMIT $2[0m  [["id", 14], ["LIMIT", 1]]
  ↳ app/controllers/application_controller.rb:6
  [1m[36mAirplane Load (2.1ms)[0m  [1m[34mSELECT  "airplanes".* FROM "airplanes" WHERE "airplanes"."id" = $1 LIMIT $2[0m  [["id", 10], ["LIMIT", 1]]
  ↳ app/controllers/airplanes_controller.rb:16
  Rendering airplanes/show.html.erb within layouts/application
  Rendered airplanes/show.html.erb within layouts/application (1.5ms)
Completed 200 OK in 31ms (Views: 22.2ms | ActiveRecord: 5.0ms)


Started GET "/airplanes/10/edit" for ::1 at 2020-11-03 19:26:25 +1100
Processing by AirplanesController#edit as HTML
  Parameters: {"id"=>"10"}
  [1m[36mUser Load (0.4ms)[0m  [1m[34mSELECT  "users".* FROM "users" WHERE "users"."id" = $1 LIMIT $2[0m  [["id", 14], ["LIMIT", 1]]
  ↳ app/controllers/application_controller.rb:6
  [1m[36mAirplane Load (0.3ms)[0m  [1m[34mSELECT  "airplanes".* FROM "airplanes" WHERE "airplanes"."id" = $1 LIMIT $2[0m  [["id", 10], ["LIMIT", 1]]
  ↳ app/controllers/airplanes_controller.rb:20
  Rendering airplanes/edit.html.erb within layouts/application
  Rendered airplanes/_form.html.erb (16.4ms)
  Rendered airplanes/edit.html.erb within layouts/application (18.2ms)
Completed 200 OK in 226ms (Views: 36.6ms | ActiveRecord: 161.6ms)


Started PATCH "/airplanes/10" for ::1 at 2020-11-03 19:26:32 +1100
Processing by AirplanesController#update as HTML
  Parameters: {"utf8"=>"✓", "authenticity_token"=>"5BCC5A4xBdL5dlFFU/3+5tVUjXwg8hftZaRR9IwoMGHeyH+KbzEdZDGxxyRiiZao3JkyZfXKW6Xpkr0LrNAbpQ==", "airplane"=>{"name"=>"GA123", "rows"=>"4", "columns"=>"20"}, "commit"=>"Submit", "id"=>"10"}
  [1m[36mUser Load (0.5ms)[0m  [1m[34mSELECT  "users".* FROM "users" WHERE "users"."id" = $1 LIMIT $2[0m  [["id", 14], ["LIMIT", 1]]
  ↳ app/controllers/application_controller.rb:6
  [1m[36mAirplane Load (0.3ms)[0m  [1m[34mSELECT  "airplanes".* FROM "airplanes" WHERE "airplanes"."id" = $1 LIMIT $2[0m  [["id", 10], ["LIMIT", 1]]
  ↳ app/controllers/airplanes_controller.rb:24
  [1m[35m (0.1ms)[0m  [1m[35mBEGIN[0m
  ↳ app/controllers/airplanes_controller.rb:25
  [1m[35m (0.2ms)[0m  [1m[35mCOMMIT[0m
  ↳ app/controllers/airplanes_controller.rb:25
Redirected to http://localhost:3000/airplanes/10
Completed 302 Found in 7ms (ActiveRecord: 1.1ms)


Started GET "/airplanes/10" for ::1 at 2020-11-03 19:26:32 +1100
Processing by AirplanesController#show as HTML
  Parameters: {"id"=>"10"}
  [1m[36mUser Load (0.3ms)[0m  [1m[34mSELECT  "users".* FROM "users" WHERE "users"."id" = $1 LIMIT $2[0m  [["id", 14], ["LIMIT", 1]]
  ↳ app/controllers/application_controller.rb:6
  [1m[36mAirplane Load (0.2ms)[0m  [1m[34mSELECT  "airplanes".* FROM "airplanes" WHERE "airplanes"."id" = $1 LIMIT $2[0m  [["id", 10], ["LIMIT", 1]]
  ↳ app/controllers/airplanes_controller.rb:16
  Rendering airplanes/show.html.erb within layouts/application
  Rendered airplanes/show.html.erb within layouts/application (2.7ms)
Completed 200 OK in 17ms (Views: 14.8ms | ActiveRecord: 0.5ms)


Started GET "/airplanes/10" for ::1 at 2020-11-03 19:29:51 +1100
Processing by AirplanesController#show as HTML
  Parameters: {"id"=>"10"}
  [1m[36mUser Load (1.0ms)[0m  [1m[34mSELECT  "users".* FROM "users" WHERE "users"."id" = $1 LIMIT $2[0m  [["id", 14], ["LIMIT", 1]]
  ↳ app/controllers/application_controller.rb:6
  [1m[36mAirplane Load (1.8ms)[0m  [1m[34mSELECT  "airplanes".* FROM "airplanes" WHERE "airplanes"."id" = $1 LIMIT $2[0m  [["id", 10], ["LIMIT", 1]]
  ↳ app/controllers/airplanes_controller.rb:16
  Rendering airplanes/show.html.erb within layouts/application
  Rendered airplanes/show.html.erb within layouts/application (157.7ms)
Completed 500 Internal Server Error in 168ms (ActiveRecord: 2.8ms)



ActionView::Template::Error (undefined local variable or method `flights_path' for #<#<Class:0x00007fec970c3d08>:0x00007fec963dc680>):
     5:       <nav>
     6:          <ul>
     7:              <li><a><%= link_to "Planes", airplanes_path %></a></li>
     8:              <li><a><%= link_to "Flights", flights_path %></a></li>
     9:              <li><a><%= link_to "Admin", login_path %></a></li>
    10:            </ul>
    11:          </nav>

app/views/airplanes/show.html.erb:8:in `_app_views_airplanes_show_html_erb___2376073129179232975_18320'
Started GET "/airplanes/10" for ::1 at 2020-11-03 19:32:13 +1100
Processing by AirplanesController#show as HTML
  Parameters: {"id"=>"10"}
  [1m[36mUser Load (0.2ms)[0m  [1m[34mSELECT  "users".* FROM "users" WHERE "users"."id" = $1 LIMIT $2[0m  [["id", 14], ["LIMIT", 1]]
  ↳ app/controllers/application_controller.rb:6
  [1m[36mAirplane Load (0.2ms)[0m  [1m[34mSELECT  "airplanes".* FROM "airplanes" WHERE "airplanes"."id" = $1 LIMIT $2[0m  [["id", 10], ["LIMIT", 1]]
  ↳ app/controllers/airplanes_controller.rb:16
  Rendering airplanes/show.html.erb within layouts/application
  Rendered airplanes/show.html.erb within layouts/application (1.6ms)
Completed 200 OK in 151ms (Views: 118.9ms | ActiveRecord: 15.3ms)


Started GET "/flights" for ::1 at 2020-11-03 19:32:17 +1100

ActionController::RoutingError (uninitialized constant FlightsController):

bootsnap (1.5.0) lib/bootsnap/load_path_cache/core_ext/active_support.rb:80:in `block in load_missing_constant'
bootsnap (1.5.0) lib/bootsnap/load_path_cache/core_ext/active_support.rb:9:in `without_bootsnap_cache'
bootsnap (1.5.0) lib/bootsnap/load_path_cache/core_ext/active_support.rb:80:in `rescue in load_missing_constant'
bootsnap (1.5.0) lib/bootsnap/load_path_cache/core_ext/active_support.rb:59:in `load_missing_constant'
activesupport (5.2.4.4) lib/active_support/inflector/methods.rb:283:in `const_get'
activesupport (5.2.4.4) lib/active_support/inflector/methods.rb:283:in `block in constantize'
activesupport (5.2.4.4) lib/active_support/inflector/methods.rb:281:in `each'
activesupport (5.2.4.4) lib/active_support/inflector/methods.rb:281:in `inject'
activesupport (5.2.4.4) lib/active_support/inflector/methods.rb:281:in `constantize'
actionpack (5.2.4.4) lib/action_dispatch/http/request.rb:88:in `controller_class_for'
actionpack (5.2.4.4) lib/action_dispatch/http/request.rb:81:in `controller_class'
actionpack (5.2.4.4) lib/action_dispatch/routing/route_set.rb:46:in `controller'
actionpack (5.2.4.4) lib/action_dispatch/routing/route_set.rb:32:in `serve'
actionpack (5.2.4.4) lib/action_dispatch/journey/router.rb:52:in `block in serve'
actionpack (5.2.4.4) lib/action_dispatch/journey/router.rb:35:in `each'
actionpack (5.2.4.4) lib/action_dispatch/journey/router.rb:35:in `serve'
actionpack (5.2.4.4) lib/action_dispatch/routing/route_set.rb:840:in `call'
rack (2.2.3) lib/rack/tempfile_reaper.rb:15:in `call'
rack (2.2.3) lib/rack/etag.rb:27:in `call'
rack (2.2.3) lib/rack/conditional_get.rb:27:in `call'
rack (2.2.3) lib/rack/head.rb:12:in `call'
actionpack (5.2.4.4) lib/action_dispatch/http/content_security_policy.rb:18:in `call'
rack (2.2.3) lib/rack/session/abstract/id.rb:266:in `context'
rack (2.2.3) lib/rack/session/abstract/id.rb:260:in `call'
actionpack (5.2.4.4) lib/action_dispatch/middleware/cookies.rb:670:in `call'
activerecord (5.2.4.4) lib/active_record/migration.rb:559:in `call'
actionpack (5.2.4.4) lib/action_dispatch/middleware/callbacks.rb:28:in `block in call'
activesupport (5.2.4.4) lib/active_support/callbacks.rb:98:in `run_callbacks'
actionpack (5.2.4.4) lib/action_dispatch/middleware/callbacks.rb:26:in `call'
actionpack (5.2.4.4) lib/action_dispatch/middleware/executor.rb:14:in `call'
actionpack (5.2.4.4) lib/action_dispatch/middleware/debug_exceptions.rb:61:in `call'
web-console (3.7.0) lib/web_console/middleware.rb:135:in `call_app'
web-console (3.7.0) lib/web_console/middleware.rb:30:in `block in call'
web-console (3.7.0) lib/web_console/middleware.rb:20:in `catch'
web-console (3.7.0) lib/web_console/middleware.rb:20:in `call'
actionpack (5.2.4.4) lib/action_dispatch/middleware/show_exceptions.rb:33:in `call'
railties (5.2.4.4) lib/rails/rack/logger.rb:38:in `call_app'
railties (5.2.4.4) lib/rails/rack/logger.rb:26:in `block in call'
activesupport (5.2.4.4) lib/active_support/tagged_logging.rb:71:in `block in tagged'
activesupport (5.2.4.4) lib/active_support/tagged_logging.rb:28:in `tagged'
activesupport (5.2.4.4) lib/active_support/tagged_logging.rb:71:in `tagged'
railties (5.2.4.4) lib/rails/rack/logger.rb:26:in `call'
sprockets-rails (3.2.2) lib/sprockets/rails/quiet_assets.rb:13:in `call'
actionpack (5.2.4.4) lib/action_dispatch/middleware/remote_ip.rb:81:in `call'
actionpack (5.2.4.4) lib/action_dispatch/middleware/request_id.rb:27:in `call'
rack (2.2.3) lib/rack/method_override.rb:24:in `call'
rack (2.2.3) lib/rack/runtime.rb:22:in `call'
activesupport (5.2.4.4) lib/active_support/cache/strategy/local_cache_middleware.rb:29:in `call'
actionpack (5.2.4.4) lib/action_dispatch/middleware/executor.rb:14:in `call'
actionpack (5.2.4.4) lib/action_dispatch/middleware/static.rb:127:in `call'
rack (2.2.3) lib/rack/sendfile.rb:110:in `call'
railties (5.2.4.4) lib/rails/engine.rb:524:in `call'
puma (3.12.6) lib/puma/configuration.rb:227:in `call'
puma (3.12.6) lib/puma/server.rb:706:in `handle_request'
puma (3.12.6) lib/puma/server.rb:476:in `process_client'
puma (3.12.6) lib/puma/server.rb:334:in `block in run'
puma (3.12.6) lib/puma/thread_pool.rb:135:in `block in spawn_thread'
Started GET "/airplanes/10" for ::1 at 2020-11-03 19:32:28 +1100
Processing by AirplanesController#show as HTML
  Parameters: {"id"=>"10"}
  [1m[36mUser Load (0.3ms)[0m  [1m[34mSELECT  "users".* FROM "users" WHERE "users"."id" = $1 LIMIT $2[0m  [["id", 14], ["LIMIT", 1]]
  ↳ app/controllers/application_controller.rb:6
  [1m[36mAirplane Load (0.3ms)[0m  [1m[34mSELECT  "airplanes".* FROM "airplanes" WHERE "airplanes"."id" = $1 LIMIT $2[0m  [["id", 10], ["LIMIT", 1]]
  ↳ app/controllers/airplanes_controller.rb:16
  Rendering airplanes/show.html.erb within layouts/application
  Rendered airplanes/show.html.erb within layouts/application (1.6ms)
Completed 200 OK in 41ms (Views: 34.4ms | ActiveRecord: 0.6ms)


Started GET "/airplanes" for ::1 at 2020-11-03 19:46:44 +1100
Processing by AirplanesController#index as HTML
  [1m[36mUser Load (0.4ms)[0m  [1m[34mSELECT  "users".* FROM "users" WHERE "users"."id" = $1 LIMIT $2[0m  [["id", 14], ["LIMIT", 1]]
  ↳ app/controllers/application_controller.rb:6
  Rendering airplanes/index.html.erb within layouts/application
  [1m[36mAirplane Load (0.7ms)[0m  [1m[34mSELECT "airplanes".* FROM "airplanes"[0m
  ↳ app/views/airplanes/index.html.erb:5
  Rendered airplanes/index.html.erb within layouts/application (2.2ms)
Completed 200 OK in 28ms (Views: 24.1ms | ActiveRecord: 1.3ms)


Started GET "/airplanes/10" for ::1 at 2020-11-03 19:46:55 +1100
Processing by AirplanesController#show as HTML
  Parameters: {"id"=>"10"}
  [1m[36mUser Load (0.4ms)[0m  [1m[34mSELECT  "users".* FROM "users" WHERE "users"."id" = $1 LIMIT $2[0m  [["id", 14], ["LIMIT", 1]]
  ↳ app/controllers/application_controller.rb:6
  [1m[36mAirplane Load (2.2ms)[0m  [1m[34mSELECT  "airplanes".* FROM "airplanes" WHERE "airplanes"."id" = $1 LIMIT $2[0m  [["id", 10], ["LIMIT", 1]]
  ↳ app/controllers/airplanes_controller.rb:16
  Rendering airplanes/show.html.erb within layouts/application
  Rendered airplanes/show.html.erb within layouts/application (3.3ms)
Completed 200 OK in 41ms (Views: 28.0ms | ActiveRecord: 2.6ms)


Started GET "/airplanes/10" for ::1 at 2020-11-03 19:47:28 +1100
Processing by AirplanesController#show as HTML
  Parameters: {"id"=>"10"}
  [1m[36mUser Load (0.6ms)[0m  [1m[34mSELECT  "users".* FROM "users" WHERE "users"."id" = $1 LIMIT $2[0m  [["id", 14], ["LIMIT", 1]]
  ↳ app/controllers/application_controller.rb:6
  [1m[36mAirplane Load (0.3ms)[0m  [1m[34mSELECT  "airplanes".* FROM "airplanes" WHERE "airplanes"."id" = $1 LIMIT $2[0m  [["id", 10], ["LIMIT", 1]]
  ↳ app/controllers/airplanes_controller.rb:16
  Rendering airplanes/show.html.erb within layouts/application
  Rendered airplanes/show.html.erb within layouts/application (1.0ms)
Completed 200 OK in 22ms (Views: 17.9ms | ActiveRecord: 0.9ms)


Started GET "/airplanes/10" for ::1 at 2020-11-04 08:09:20 +1100
Processing by AirplanesController#show as HTML
  Parameters: {"id"=>"10"}
  [1m[36mUser Load (1.8ms)[0m  [1m[34mSELECT  "users".* FROM "users" WHERE "users"."id" = $1 LIMIT $2[0m  [["id", 14], ["LIMIT", 1]]
  ↳ app/controllers/application_controller.rb:6
  [1m[36mAirplane Load (1.1ms)[0m  [1m[34mSELECT  "airplanes".* FROM "airplanes" WHERE "airplanes"."id" = $1 LIMIT $2[0m  [["id", 10], ["LIMIT", 1]]
  ↳ app/controllers/airplanes_controller.rb:16
  Rendering airplanes/show.html.erb within layouts/application
  Rendered airplanes/show.html.erb within layouts/application (2.0ms)
Completed 200 OK in 47ms (Views: 38.7ms | ActiveRecord: 3.1ms)


Started GET "/flights" for ::1 at 2020-11-04 08:09:22 +1100

ActionController::RoutingError (uninitialized constant FlightsController):

bootsnap (1.5.0) lib/bootsnap/load_path_cache/core_ext/active_support.rb:80:in `block in load_missing_constant'
bootsnap (1.5.0) lib/bootsnap/load_path_cache/core_ext/active_support.rb:9:in `without_bootsnap_cache'
bootsnap (1.5.0) lib/bootsnap/load_path_cache/core_ext/active_support.rb:80:in `rescue in load_missing_constant'
bootsnap (1.5.0) lib/bootsnap/load_path_cache/core_ext/active_support.rb:59:in `load_missing_constant'
activesupport (5.2.4.4) lib/active_support/inflector/methods.rb:283:in `const_get'
activesupport (5.2.4.4) lib/active_support/inflector/methods.rb:283:in `block in constantize'
activesupport (5.2.4.4) lib/active_support/inflector/methods.rb:281:in `each'
activesupport (5.2.4.4) lib/active_support/inflector/methods.rb:281:in `inject'
activesupport (5.2.4.4) lib/active_support/inflector/methods.rb:281:in `constantize'
actionpack (5.2.4.4) lib/action_dispatch/http/request.rb:88:in `controller_class_for'
actionpack (5.2.4.4) lib/action_dispatch/http/request.rb:81:in `controller_class'
actionpack (5.2.4.4) lib/action_dispatch/routing/route_set.rb:46:in `controller'
actionpack (5.2.4.4) lib/action_dispatch/routing/route_set.rb:32:in `serve'
actionpack (5.2.4.4) lib/action_dispatch/journey/router.rb:52:in `block in serve'
actionpack (5.2.4.4) lib/action_dispatch/journey/router.rb:35:in `each'
actionpack (5.2.4.4) lib/action_dispatch/journey/router.rb:35:in `serve'
actionpack (5.2.4.4) lib/action_dispatch/routing/route_set.rb:840:in `call'
rack (2.2.3) lib/rack/tempfile_reaper.rb:15:in `call'
rack (2.2.3) lib/rack/etag.rb:27:in `call'
rack (2.2.3) lib/rack/conditional_get.rb:27:in `call'
rack (2.2.3) lib/rack/head.rb:12:in `call'
actionpack (5.2.4.4) lib/action_dispatch/http/content_security_policy.rb:18:in `call'
rack (2.2.3) lib/rack/session/abstract/id.rb:266:in `context'
rack (2.2.3) lib/rack/session/abstract/id.rb:260:in `call'
actionpack (5.2.4.4) lib/action_dispatch/middleware/cookies.rb:670:in `call'
activerecord (5.2.4.4) lib/active_record/migration.rb:559:in `call'
actionpack (5.2.4.4) lib/action_dispatch/middleware/callbacks.rb:28:in `block in call'
activesupport (5.2.4.4) lib/active_support/callbacks.rb:98:in `run_callbacks'
actionpack (5.2.4.4) lib/action_dispatch/middleware/callbacks.rb:26:in `call'
actionpack (5.2.4.4) lib/action_dispatch/middleware/executor.rb:14:in `call'
actionpack (5.2.4.4) lib/action_dispatch/middleware/debug_exceptions.rb:61:in `call'
web-console (3.7.0) lib/web_console/middleware.rb:135:in `call_app'
web-console (3.7.0) lib/web_console/middleware.rb:30:in `block in call'
web-console (3.7.0) lib/web_console/middleware.rb:20:in `catch'
web-console (3.7.0) lib/web_console/middleware.rb:20:in `call'
actionpack (5.2.4.4) lib/action_dispatch/middleware/show_exceptions.rb:33:in `call'
railties (5.2.4.4) lib/rails/rack/logger.rb:38:in `call_app'
railties (5.2.4.4) lib/rails/rack/logger.rb:26:in `block in call'
activesupport (5.2.4.4) lib/active_support/tagged_logging.rb:71:in `block in tagged'
activesupport (5.2.4.4) lib/active_support/tagged_logging.rb:28:in `tagged'
activesupport (5.2.4.4) lib/active_support/tagged_logging.rb:71:in `tagged'
railties (5.2.4.4) lib/rails/rack/logger.rb:26:in `call'
sprockets-rails (3.2.2) lib/sprockets/rails/quiet_assets.rb:13:in `call'
actionpack (5.2.4.4) lib/action_dispatch/middleware/remote_ip.rb:81:in `call'
actionpack (5.2.4.4) lib/action_dispatch/middleware/request_id.rb:27:in `call'
rack (2.2.3) lib/rack/method_override.rb:24:in `call'
rack (2.2.3) lib/rack/runtime.rb:22:in `call'
activesupport (5.2.4.4) lib/active_support/cache/strategy/local_cache_middleware.rb:29:in `call'
actionpack (5.2.4.4) lib/action_dispatch/middleware/executor.rb:14:in `call'
actionpack (5.2.4.4) lib/action_dispatch/middleware/static.rb:127:in `call'
rack (2.2.3) lib/rack/sendfile.rb:110:in `call'
railties (5.2.4.4) lib/rails/engine.rb:524:in `call'
puma (3.12.6) lib/puma/configuration.rb:227:in `call'
puma (3.12.6) lib/puma/server.rb:706:in `handle_request'
puma (3.12.6) lib/puma/server.rb:476:in `process_client'
puma (3.12.6) lib/puma/server.rb:334:in `block in run'
puma (3.12.6) lib/puma/thread_pool.rb:135:in `block in spawn_thread'
Started GET "/airplanes/10" for ::1 at 2020-11-04 08:09:29 +1100
Processing by AirplanesController#show as HTML
  Parameters: {"id"=>"10"}
  [1m[36mUser Load (0.7ms)[0m  [1m[34mSELECT  "users".* FROM "users" WHERE "users"."id" = $1 LIMIT $2[0m  [["id", 14], ["LIMIT", 1]]
  ↳ app/controllers/application_controller.rb:6
  [1m[36mAirplane Load (0.4ms)[0m  [1m[34mSELECT  "airplanes".* FROM "airplanes" WHERE "airplanes"."id" = $1 LIMIT $2[0m  [["id", 10], ["LIMIT", 1]]
  ↳ app/controllers/airplanes_controller.rb:16
  Rendering airplanes/show.html.erb within layouts/application
  Rendered airplanes/show.html.erb within layouts/application (0.9ms)
Completed 200 OK in 23ms (Views: 17.9ms | ActiveRecord: 1.0ms)


Started GET "/airplanes/10" for ::1 at 2020-11-04 08:12:52 +1100
Processing by AirplanesController#show as HTML
  Parameters: {"id"=>"10"}
  [1m[36mUser Load (0.8ms)[0m  [1m[34mSELECT  "users".* FROM "users" WHERE "users"."id" = $1 LIMIT $2[0m  [["id", 14], ["LIMIT", 1]]
  ↳ app/controllers/application_controller.rb:6
  [1m[36mAirplane Load (0.5ms)[0m  [1m[34mSELECT  "airplanes".* FROM "airplanes" WHERE "airplanes"."id" = $1 LIMIT $2[0m  [["id", 10], ["LIMIT", 1]]
  ↳ app/controllers/airplanes_controller.rb:16
  Rendering airplanes/show.html.erb within layouts/application
  Rendered airplanes/show.html.erb within layouts/application (1.1ms)
Completed 200 OK in 30ms (Views: 23.1ms | ActiveRecord: 1.2ms)


Started GET "/airplanes" for ::1 at 2020-11-04 08:12:54 +1100
Processing by AirplanesController#index as HTML
  [1m[36mUser Load (0.4ms)[0m  [1m[34mSELECT  "users".* FROM "users" WHERE "users"."id" = $1 LIMIT $2[0m  [["id", 14], ["LIMIT", 1]]
  ↳ app/controllers/application_controller.rb:6
  Rendering airplanes/index.html.erb within layouts/application
  [1m[36mAirplane Load (1.6ms)[0m  [1m[34mSELECT "airplanes".* FROM "airplanes"[0m
  ↳ app/views/airplanes/index.html.erb:5
  Rendered airplanes/index.html.erb within layouts/application (4.8ms)
Completed 200 OK in 36ms (Views: 29.8ms | ActiveRecord: 1.9ms)


Started GET "/airplanes/10" for ::1 at 2020-11-04 08:12:56 +1100
Processing by AirplanesController#show as HTML
  Parameters: {"id"=>"10"}
  [1m[36mUser Load (17.0ms)[0m  [1m[34mSELECT  "users".* FROM "users" WHERE "users"."id" = $1 LIMIT $2[0m  [["id", 14], ["LIMIT", 1]]
  ↳ app/controllers/application_controller.rb:6
  [1m[36mAirplane Load (2.7ms)[0m  [1m[34mSELECT  "airplanes".* FROM "airplanes" WHERE "airplanes"."id" = $1 LIMIT $2[0m  [["id", 10], ["LIMIT", 1]]
  ↳ app/controllers/airplanes_controller.rb:16
  Rendering airplanes/show.html.erb within layouts/application
  Rendered airplanes/show.html.erb within layouts/application (1.7ms)
Completed 200 OK in 46ms (Views: 21.1ms | ActiveRecord: 19.8ms)


Started GET "/flights" for ::1 at 2020-11-04 08:12:57 +1100

ActionController::RoutingError (uninitialized constant FlightsController):

bootsnap (1.5.0) lib/bootsnap/load_path_cache/core_ext/active_support.rb:80:in `block in load_missing_constant'
bootsnap (1.5.0) lib/bootsnap/load_path_cache/core_ext/active_support.rb:9:in `without_bootsnap_cache'
bootsnap (1.5.0) lib/bootsnap/load_path_cache/core_ext/active_support.rb:80:in `rescue in load_missing_constant'
bootsnap (1.5.0) lib/bootsnap/load_path_cache/core_ext/active_support.rb:59:in `load_missing_constant'
activesupport (5.2.4.4) lib/active_support/inflector/methods.rb:283:in `const_get'
activesupport (5.2.4.4) lib/active_support/inflector/methods.rb:283:in `block in constantize'
activesupport (5.2.4.4) lib/active_support/inflector/methods.rb:281:in `each'
activesupport (5.2.4.4) lib/active_support/inflector/methods.rb:281:in `inject'
activesupport (5.2.4.4) lib/active_support/inflector/methods.rb:281:in `constantize'
actionpack (5.2.4.4) lib/action_dispatch/http/request.rb:88:in `controller_class_for'
actionpack (5.2.4.4) lib/action_dispatch/http/request.rb:81:in `controller_class'
actionpack (5.2.4.4) lib/action_dispatch/routing/route_set.rb:46:in `controller'
actionpack (5.2.4.4) lib/action_dispatch/routing/route_set.rb:32:in `serve'
actionpack (5.2.4.4) lib/action_dispatch/journey/router.rb:52:in `block in serve'
actionpack (5.2.4.4) lib/action_dispatch/journey/router.rb:35:in `each'
actionpack (5.2.4.4) lib/action_dispatch/journey/router.rb:35:in `serve'
actionpack (5.2.4.4) lib/action_dispatch/routing/route_set.rb:840:in `call'
rack (2.2.3) lib/rack/tempfile_reaper.rb:15:in `call'
rack (2.2.3) lib/rack/etag.rb:27:in `call'
rack (2.2.3) lib/rack/conditional_get.rb:27:in `call'
rack (2.2.3) lib/rack/head.rb:12:in `call'
actionpack (5.2.4.4) lib/action_dispatch/http/content_security_policy.rb:18:in `call'
rack (2.2.3) lib/rack/session/abstract/id.rb:266:in `context'
rack (2.2.3) lib/rack/session/abstract/id.rb:260:in `call'
actionpack (5.2.4.4) lib/action_dispatch/middleware/cookies.rb:670:in `call'
activerecord (5.2.4.4) lib/active_record/migration.rb:559:in `call'
Started GET "/" for ::1 at 2020-11-03 21:54:42 +1100
  [1m[35m (1.1ms)[0m  [1m[34mSELECT "schema_migrations"."version" FROM "schema_migrations" ORDER BY "schema_migrations"."version" ASC[0m
  ↳ /Users/henryzhang/.rvm/gems/ruby-2.7.1/gems/activerecord-5.2.4.4/lib/active_record/log_subscriber.rb:98

ActiveRecord::PendingMigrationError (

Migrations are pending. To resolve this issue, run:

        bin/rails db:migrate RAILS_ENV=development

):

activerecord (5.2.4.4) lib/active_record/migration.rb:579:in `check_pending!'
activerecord (5.2.4.4) lib/active_record/migration.rb:556:in `call'
>>>>>>> 1b5378149238d56cab0df67b751903ab0cbb21e7
actionpack (5.2.4.4) lib/action_dispatch/middleware/callbacks.rb:28:in `block in call'
activesupport (5.2.4.4) lib/active_support/callbacks.rb:98:in `run_callbacks'
actionpack (5.2.4.4) lib/action_dispatch/middleware/callbacks.rb:26:in `call'
actionpack (5.2.4.4) lib/action_dispatch/middleware/executor.rb:14:in `call'
actionpack (5.2.4.4) lib/action_dispatch/middleware/debug_exceptions.rb:61:in `call'
web-console (3.7.0) lib/web_console/middleware.rb:135:in `call_app'
web-console (3.7.0) lib/web_console/middleware.rb:30:in `block in call'
web-console (3.7.0) lib/web_console/middleware.rb:20:in `catch'
web-console (3.7.0) lib/web_console/middleware.rb:20:in `call'
actionpack (5.2.4.4) lib/action_dispatch/middleware/show_exceptions.rb:33:in `call'
railties (5.2.4.4) lib/rails/rack/logger.rb:38:in `call_app'
railties (5.2.4.4) lib/rails/rack/logger.rb:26:in `block in call'
activesupport (5.2.4.4) lib/active_support/tagged_logging.rb:71:in `block in tagged'
activesupport (5.2.4.4) lib/active_support/tagged_logging.rb:28:in `tagged'
activesupport (5.2.4.4) lib/active_support/tagged_logging.rb:71:in `tagged'
railties (5.2.4.4) lib/rails/rack/logger.rb:26:in `call'
sprockets-rails (3.2.2) lib/sprockets/rails/quiet_assets.rb:13:in `call'
actionpack (5.2.4.4) lib/action_dispatch/middleware/remote_ip.rb:81:in `call'
actionpack (5.2.4.4) lib/action_dispatch/middleware/request_id.rb:27:in `call'
rack (2.2.3) lib/rack/method_override.rb:24:in `call'
rack (2.2.3) lib/rack/runtime.rb:22:in `call'
activesupport (5.2.4.4) lib/active_support/cache/strategy/local_cache_middleware.rb:29:in `call'
actionpack (5.2.4.4) lib/action_dispatch/middleware/executor.rb:14:in `call'
actionpack (5.2.4.4) lib/action_dispatch/middleware/static.rb:127:in `call'
rack (2.2.3) lib/rack/sendfile.rb:110:in `call'
railties (5.2.4.4) lib/rails/engine.rb:524:in `call'
puma (3.12.6) lib/puma/configuration.rb:227:in `call'
puma (3.12.6) lib/puma/server.rb:706:in `handle_request'
puma (3.12.6) lib/puma/server.rb:476:in `process_client'
puma (3.12.6) lib/puma/server.rb:334:in `block in run'
puma (3.12.6) lib/puma/thread_pool.rb:135:in `block in spawn_thread'
  [1m[35m (1.1ms)[0m  [1m[34mSELECT "schema_migrations"."version" FROM "schema_migrations" ORDER BY "schema_migrations"."version" ASC[0m
  ↳ /Users/michaelhulbert/.rvm/rubies/ruby-2.7.1/lib/ruby/gems/2.7.0/gems/rake-13.0.1/lib/rake/task.rb:281
  [1m[36mUser Load (0.9ms)[0m  [1m[34mSELECT "users".* FROM "users"[0m
  ↳ db/seeds.rb:1
  [1m[35m (0.2ms)[0m  [1m[35mBEGIN[0m
  ↳ db/seeds.rb:1
  [1m[36mUser Destroy (0.6ms)[0m  [1m[31mDELETE FROM "users" WHERE "users"."id" = $1[0m  [["id", 13]]
  ↳ db/seeds.rb:1
  [1m[35m (7.4ms)[0m  [1m[35mCOMMIT[0m
  ↳ db/seeds.rb:1
  [1m[35m (0.1ms)[0m  [1m[35mBEGIN[0m
  ↳ db/seeds.rb:1
  [1m[36mUser Destroy (0.3ms)[0m  [1m[31mDELETE FROM "users" WHERE "users"."id" = $1[0m  [["id", 14]]
  ↳ db/seeds.rb:1
  [1m[35m (0.4ms)[0m  [1m[35mCOMMIT[0m
  ↳ db/seeds.rb:1
  [1m[35m (0.1ms)[0m  [1m[35mBEGIN[0m
  ↳ db/seeds.rb:1
  [1m[36mUser Destroy (0.4ms)[0m  [1m[31mDELETE FROM "users" WHERE "users"."id" = $1[0m  [["id", 15]]
  ↳ db/seeds.rb:1
  [1m[35m (0.4ms)[0m  [1m[35mCOMMIT[0m
  ↳ db/seeds.rb:1
  [1m[35m (0.2ms)[0m  [1m[35mBEGIN[0m
  ↳ db/seeds.rb:2
  [1m[36mUser Create (1.3ms)[0m  [1m[32mINSERT INTO "users" ("email", "name", "password_digest", "is_admin", "created_at", "updated_at") VALUES ($1, $2, $3, $4, $5, $6) RETURNING "id"[0m  [["email", "nick@ga.com"], ["name", "Nick"], ["password_digest", "$2a$12$bvIiekoZR2zWDxq4WzeUUOQ4HShwqnm5OCZ3Fm1nevik0y7p77k4C"], ["is_admin", true], ["created_at", "2020-11-03 21:16:34.388912"], ["updated_at", "2020-11-03 21:16:34.388912"]]
  ↳ db/seeds.rb:2
  [1m[35m (0.8ms)[0m  [1m[35mCOMMIT[0m
  ↳ db/seeds.rb:2
  [1m[35m (0.2ms)[0m  [1m[35mBEGIN[0m
  ↳ db/seeds.rb:3
  [1m[36mUser Create (0.3ms)[0m  [1m[32mINSERT INTO "users" ("email", "name", "password_digest", "is_admin", "created_at", "updated_at") VALUES ($1, $2, $3, $4, $5, $6) RETURNING "id"[0m  [["email", "mike@ga.com"], ["name", "Mike"], ["password_digest", "$2a$12$cnyXZJx2SkDDo1QD.xWsHu65OeMO3mJufubDPT2fTvrwWx1FJe.y6"], ["is_admin", true], ["created_at", "2020-11-03 21:16:34.620155"], ["updated_at", "2020-11-03 21:16:34.620155"]]
  ↳ db/seeds.rb:3
  [1m[35m (1.6ms)[0m  [1m[35mCOMMIT[0m
  ↳ db/seeds.rb:3
  [1m[35m (0.2ms)[0m  [1m[35mBEGIN[0m
  ↳ db/seeds.rb:4
  [1m[36mUser Create (0.6ms)[0m  [1m[32mINSERT INTO "users" ("email", "name", "password_digest", "is_admin", "created_at", "updated_at") VALUES ($1, $2, $3, $4, $5, $6) RETURNING "id"[0m  [["email", "henry@ga.com"], ["name", "Henry"], ["password_digest", "$2a$12$2Gx13EUcIhSQz1jFt.VLGeWiFdiohCPc6a9RT9a1RXMhSCUfbXq72"], ["is_admin", true], ["created_at", "2020-11-03 21:16:34.848508"], ["updated_at", "2020-11-03 21:16:34.848508"]]
  ↳ db/seeds.rb:4
  [1m[35m (1.8ms)[0m  [1m[35mCOMMIT[0m
  ↳ db/seeds.rb:4
  [1m[35m (0.6ms)[0m  [1m[34mSELECT COUNT(*) FROM "users"[0m
  ↳ db/seeds.rb:5
  [1m[36mAirplane Load (0.7ms)[0m  [1m[34mSELECT "airplanes".* FROM "airplanes"[0m
  ↳ db/seeds.rb:7
  [1m[35m (0.1ms)[0m  [1m[35mBEGIN[0m
  ↳ db/seeds.rb:7
  [1m[36mAirplane Destroy (1.0ms)[0m  [1m[31mDELETE FROM "airplanes" WHERE "airplanes"."id" = $1[0m  [["id", 10]]
  ↳ db/seeds.rb:7
  [1m[35m (0.4ms)[0m  [1m[35mCOMMIT[0m
  ↳ db/seeds.rb:7
  [1m[35m (0.1ms)[0m  [1m[35mBEGIN[0m
  ↳ db/seeds.rb:7
  [1m[36mAirplane Destroy (0.3ms)[0m  [1m[31mDELETE FROM "airplanes" WHERE "airplanes"."id" = $1[0m  [["id", 11]]
  ↳ db/seeds.rb:7
  [1m[35m (0.5ms)[0m  [1m[35mCOMMIT[0m
  ↳ db/seeds.rb:7
  [1m[35m (0.2ms)[0m  [1m[35mBEGIN[0m
  ↳ db/seeds.rb:7
  [1m[36mAirplane Destroy (0.6ms)[0m  [1m[31mDELETE FROM "airplanes" WHERE "airplanes"."id" = $1[0m  [["id", 12]]
  ↳ db/seeds.rb:7
  [1m[35m (0.4ms)[0m  [1m[35mCOMMIT[0m
  ↳ db/seeds.rb:7
  [1m[35m (0.1ms)[0m  [1m[35mBEGIN[0m
  ↳ db/seeds.rb:9
  [1m[36mAirplane Create (0.4ms)[0m  [1m[32mINSERT INTO "airplanes" ("name", "rows", "columns") VALUES ($1, $2, $3) RETURNING "id"[0m  [["name", "GA123"], ["rows", 4], ["columns", 20]]
  ↳ db/seeds.rb:9
  [1m[35m (0.4ms)[0m  [1m[35mCOMMIT[0m
  ↳ db/seeds.rb:9
  [1m[35m (0.1ms)[0m  [1m[35mBEGIN[0m
  ↳ db/seeds.rb:10
  [1m[36mAirplane Create (0.3ms)[0m  [1m[32mINSERT INTO "airplanes" ("name", "rows", "columns") VALUES ($1, $2, $3) RETURNING "id"[0m  [["name", "GA456"], ["rows", 5], ["columns", 22]]
  ↳ db/seeds.rb:10
  [1m[35m (0.5ms)[0m  [1m[35mCOMMIT[0m
  ↳ db/seeds.rb:10
  [1m[35m (0.1ms)[0m  [1m[35mBEGIN[0m
  ↳ db/seeds.rb:11
  [1m[36mAirplane Create (0.2ms)[0m  [1m[32mINSERT INTO "airplanes" ("name", "rows", "columns") VALUES ($1, $2, $3) RETURNING "id"[0m  [["name", "GA789"], ["rows", 6], ["columns", 20]]
  ↳ db/seeds.rb:11
  [1m[35m (0.4ms)[0m  [1m[35mCOMMIT[0m
  ↳ db/seeds.rb:11
  [1m[35m (0.3ms)[0m  [1m[34mSELECT COUNT(*) FROM "airplanes"[0m
  ↳ db/seeds.rb:12
  [1m[35m (0.3ms)[0m  [1m[34mSELECT pg_try_advisory_lock(2965226885080345935)[0m
  ↳ /Users/michaelhulbert/.rvm/rubies/ruby-2.7.1/lib/ruby/gems/2.7.0/gems/rake-13.0.1/lib/rake/task.rb:281
  [1m[35m (1.3ms)[0m  [1m[34mSELECT "schema_migrations"."version" FROM "schema_migrations" ORDER BY "schema_migrations"."version" ASC[0m
  ↳ /Users/michaelhulbert/.rvm/rubies/ruby-2.7.1/lib/ruby/gems/2.7.0/gems/rake-13.0.1/lib/rake/task.rb:281
Migrating to CreateFlights (20201103085420)
  [1m[35m (0.2ms)[0m  [1m[35mBEGIN[0m
  ↳ /Users/michaelhulbert/.rvm/rubies/ruby-2.7.1/lib/ruby/gems/2.7.0/gems/rake-13.0.1/lib/rake/task.rb:281
  [1m[35m (16.2ms)[0m  [1m[35mCREATE TABLE "flights" ("id" bigserial primary key, "flight_number" text, "flight_date" date, "origin" text, "destination" text, "airplane_id" integer, "user_id" integer, "created_at" timestamp NOT NULL, "updated_at" timestamp NOT NULL)[0m
  ↳ db/migrate/20201103085420_create_flights.rb:3
  [1m[36mActiveRecord::SchemaMigration Create (0.5ms)[0m  [1m[32mINSERT INTO "schema_migrations" ("version") VALUES ($1) RETURNING "version"[0m  [["version", "20201103085420"]]
  ↳ /Users/michaelhulbert/.rvm/rubies/ruby-2.7.1/lib/ruby/gems/2.7.0/gems/rake-13.0.1/lib/rake/task.rb:281
  [1m[35m (0.6ms)[0m  [1m[35mCOMMIT[0m
  ↳ /Users/michaelhulbert/.rvm/rubies/ruby-2.7.1/lib/ruby/gems/2.7.0/gems/rake-13.0.1/lib/rake/task.rb:281
  [1m[36mActiveRecord::InternalMetadata Load (1.5ms)[0m  [1m[34mSELECT  "ar_internal_metadata".* FROM "ar_internal_metadata" WHERE "ar_internal_metadata"."key" = $1 LIMIT $2[0m  [["key", "environment"], ["LIMIT", 1]]
  ↳ /Users/michaelhulbert/.rvm/rubies/ruby-2.7.1/lib/ruby/gems/2.7.0/gems/rake-13.0.1/lib/rake/task.rb:281
  [1m[35m (0.2ms)[0m  [1m[35mBEGIN[0m
  ↳ /Users/michaelhulbert/.rvm/rubies/ruby-2.7.1/lib/ruby/gems/2.7.0/gems/rake-13.0.1/lib/rake/task.rb:281
  [1m[35m (0.2ms)[0m  [1m[35mCOMMIT[0m
  ↳ /Users/michaelhulbert/.rvm/rubies/ruby-2.7.1/lib/ruby/gems/2.7.0/gems/rake-13.0.1/lib/rake/task.rb:281
  [1m[35m (0.2ms)[0m  [1m[34mSELECT pg_advisory_unlock(2965226885080345935)[0m
  ↳ /Users/michaelhulbert/.rvm/rubies/ruby-2.7.1/lib/ruby/gems/2.7.0/gems/rake-13.0.1/lib/rake/task.rb:281
  [1m[35m (0.2ms)[0m  [1m[34mSELECT "schema_migrations"."version" FROM "schema_migrations" ORDER BY "schema_migrations"."version" ASC[0m
  ↳ /Users/michaelhulbert/.rvm/rubies/ruby-2.7.1/lib/ruby/gems/2.7.0/gems/rake-13.0.1/lib/rake/task.rb:281
  [1m[35m (0.7ms)[0m  [1m[34mSELECT "schema_migrations"."version" FROM "schema_migrations" ORDER BY "schema_migrations"."version" ASC[0m
  ↳ /Users/michaelhulbert/.rvm/rubies/ruby-2.7.1/lib/ruby/gems/2.7.0/gems/rake-13.0.1/lib/rake/task.rb:281
  [1m[36mUser Load (0.7ms)[0m  [1m[34mSELECT "users".* FROM "users"[0m
  ↳ db/seeds.rb:1
  [1m[35m (0.2ms)[0m  [1m[35mBEGIN[0m
  ↳ db/seeds.rb:1
  [1m[36mUser Destroy (0.4ms)[0m  [1m[31mDELETE FROM "users" WHERE "users"."id" = $1[0m  [["id", 16]]
  ↳ db/seeds.rb:1
  [1m[35m (0.5ms)[0m  [1m[35mCOMMIT[0m
  ↳ db/seeds.rb:1
  [1m[35m (0.1ms)[0m  [1m[35mBEGIN[0m
  ↳ db/seeds.rb:1
  [1m[36mUser Destroy (0.4ms)[0m  [1m[31mDELETE FROM "users" WHERE "users"."id" = $1[0m  [["id", 17]]
  ↳ db/seeds.rb:1
  [1m[35m (0.5ms)[0m  [1m[35mCOMMIT[0m
  ↳ db/seeds.rb:1
  [1m[35m (0.1ms)[0m  [1m[35mBEGIN[0m
  ↳ db/seeds.rb:1
  [1m[36mUser Destroy (0.3ms)[0m  [1m[31mDELETE FROM "users" WHERE "users"."id" = $1[0m  [["id", 18]]
  ↳ db/seeds.rb:1
  [1m[35m (0.4ms)[0m  [1m[35mCOMMIT[0m
  ↳ db/seeds.rb:1
  [1m[35m (0.1ms)[0m  [1m[35mBEGIN[0m
  ↳ db/seeds.rb:2
  [1m[36mUser Create (0.6ms)[0m  [1m[32mINSERT INTO "users" ("email", "name", "password_digest", "is_admin", "created_at", "updated_at") VALUES ($1, $2, $3, $4, $5, $6) RETURNING "id"[0m  [["email", "nick@ga.com"], ["name", "Nick"], ["password_digest", "$2a$12$JzoSWf3kA9/9sITDt9aaDuj3IisLd7702VvTVDndAHn27/SlGPrDO"], ["is_admin", true], ["created_at", "2020-11-03 21:28:15.262631"], ["updated_at", "2020-11-03 21:28:15.262631"]]
  ↳ db/seeds.rb:2
  [1m[35m (1.6ms)[0m  [1m[35mCOMMIT[0m
  ↳ db/seeds.rb:2
  [1m[35m (0.2ms)[0m  [1m[35mBEGIN[0m
  ↳ db/seeds.rb:3
  [1m[36mUser Create (0.3ms)[0m  [1m[32mINSERT INTO "users" ("email", "name", "password_digest", "is_admin", "created_at", "updated_at") VALUES ($1, $2, $3, $4, $5, $6) RETURNING "id"[0m  [["email", "mike@ga.com"], ["name", "Mike"], ["password_digest", "$2a$12$VAhC9C8xgofi8sISbz3D4urU7buPDHX7/wqO7BTWN3kl1zJ/cR4Bi"], ["is_admin", true], ["created_at", "2020-11-03 21:28:15.503786"], ["updated_at", "2020-11-03 21:28:15.503786"]]
  ↳ db/seeds.rb:3
  [1m[35m (1.6ms)[0m  [1m[35mCOMMIT[0m
  ↳ db/seeds.rb:3
  [1m[35m (0.1ms)[0m  [1m[35mBEGIN[0m
  ↳ db/seeds.rb:4
  [1m[36mUser Create (0.3ms)[0m  [1m[32mINSERT INTO "users" ("email", "name", "password_digest", "is_admin", "created_at", "updated_at") VALUES ($1, $2, $3, $4, $5, $6) RETURNING "id"[0m  [["email", "henry@ga.com"], ["name", "Henry"], ["password_digest", "$2a$12$CNfphclOTWGn114f3oHcJ.dX1oLrYNGvpwD46LbZ2D6QE9x1wCrkO"], ["is_admin", true], ["created_at", "2020-11-03 21:28:15.731809"], ["updated_at", "2020-11-03 21:28:15.731809"]]
  ↳ db/seeds.rb:4
  [1m[35m (1.5ms)[0m  [1m[35mCOMMIT[0m
  ↳ db/seeds.rb:4
  [1m[35m (0.4ms)[0m  [1m[34mSELECT COUNT(*) FROM "users"[0m
  ↳ db/seeds.rb:5
  [1m[36mAirplane Load (1.0ms)[0m  [1m[34mSELECT "airplanes".* FROM "airplanes"[0m
  ↳ db/seeds.rb:7
  [1m[35m (0.1ms)[0m  [1m[35mBEGIN[0m
  ↳ db/seeds.rb:7
  [1m[36mAirplane Destroy (0.4ms)[0m  [1m[31mDELETE FROM "airplanes" WHERE "airplanes"."id" = $1[0m  [["id", 13]]
  ↳ db/seeds.rb:7
  [1m[35m (0.8ms)[0m  [1m[35mCOMMIT[0m
  ↳ db/seeds.rb:7
  [1m[35m (0.4ms)[0m  [1m[35mBEGIN[0m
  ↳ db/seeds.rb:7
  [1m[36mAirplane Destroy (0.3ms)[0m  [1m[31mDELETE FROM "airplanes" WHERE "airplanes"."id" = $1[0m  [["id", 14]]
  ↳ db/seeds.rb:7
  [1m[35m (0.3ms)[0m  [1m[35mCOMMIT[0m
  ↳ db/seeds.rb:7
  [1m[35m (0.1ms)[0m  [1m[35mBEGIN[0m
  ↳ db/seeds.rb:7
  [1m[36mAirplane Destroy (0.4ms)[0m  [1m[31mDELETE FROM "airplanes" WHERE "airplanes"."id" = $1[0m  [["id", 15]]
  ↳ db/seeds.rb:7
  [1m[35m (0.6ms)[0m  [1m[35mCOMMIT[0m
  ↳ db/seeds.rb:7
  [1m[35m (0.1ms)[0m  [1m[35mBEGIN[0m
  ↳ db/seeds.rb:9
  [1m[36mAirplane Create (0.4ms)[0m  [1m[32mINSERT INTO "airplanes" ("name", "rows", "columns") VALUES ($1, $2, $3) RETURNING "id"[0m  [["name", "GA123"], ["rows", 4], ["columns", 20]]
  ↳ db/seeds.rb:9
  [1m[35m (0.5ms)[0m  [1m[35mCOMMIT[0m
  ↳ db/seeds.rb:9
  [1m[35m (0.1ms)[0m  [1m[35mBEGIN[0m
  ↳ db/seeds.rb:10
  [1m[36mAirplane Create (0.3ms)[0m  [1m[32mINSERT INTO "airplanes" ("name", "rows", "columns") VALUES ($1, $2, $3) RETURNING "id"[0m  [["name", "GA456"], ["rows", 5], ["columns", 22]]
  ↳ db/seeds.rb:10
  [1m[35m (0.4ms)[0m  [1m[35mCOMMIT[0m
  ↳ db/seeds.rb:10
  [1m[35m (0.2ms)[0m  [1m[35mBEGIN[0m
  ↳ db/seeds.rb:11
  [1m[36mAirplane Create (0.8ms)[0m  [1m[32mINSERT INTO "airplanes" ("name", "rows", "columns") VALUES ($1, $2, $3) RETURNING "id"[0m  [["name", "GA789"], ["rows", 6], ["columns", 20]]
  ↳ db/seeds.rb:11
  [1m[35m (0.5ms)[0m  [1m[35mCOMMIT[0m
  ↳ db/seeds.rb:11
  [1m[35m (0.3ms)[0m  [1m[34mSELECT COUNT(*) FROM "airplanes"[0m
  ↳ db/seeds.rb:12
  [1m[36mFlight Load (0.7ms)[0m  [1m[34mSELECT "flights".* FROM "flights"[0m
  ↳ db/seeds.rb:14
  [1m[35m (0.2ms)[0m  [1m[35mBEGIN[0m
  ↳ db/seeds.rb:15
  [1m[36mFlight Create (0.5ms)[0m  [1m[32mINSERT INTO "flights" ("flight_number", "origin", "destination", "created_at", "updated_at") VALUES ($1, $2, $3, $4, $5) RETURNING "id"[0m  [["flight_number", "VA189"], ["origin", "Sydney"], ["destination", "Melbourne"], ["created_at", "2020-11-03 21:28:15.785982"], ["updated_at", "2020-11-03 21:28:15.785982"]]
  ↳ db/seeds.rb:15
  [1m[35m (0.4ms)[0m  [1m[35mCOMMIT[0m
  ↳ db/seeds.rb:15
  [1m[35m (0.1ms)[0m  [1m[35mBEGIN[0m
  ↳ db/seeds.rb:16
  [1m[36mFlight Create (0.3ms)[0m  [1m[32mINSERT INTO "flights" ("flight_number", "origin", "destination", "created_at", "updated_at") VALUES ($1, $2, $3, $4, $5) RETURNING "id"[0m  [["flight_number", "JQ252"], ["origin", "Adelaide"], ["destination", "Perth"], ["created_at", "2020-11-03 21:28:15.788325"], ["updated_at", "2020-11-03 21:28:15.788325"]]
  ↳ db/seeds.rb:16
  [1m[35m (0.4ms)[0m  [1m[35mCOMMIT[0m
  ↳ db/seeds.rb:16
  [1m[35m (0.1ms)[0m  [1m[35mBEGIN[0m
  ↳ db/seeds.rb:17
  [1m[36mFlight Create (0.4ms)[0m  [1m[32mINSERT INTO "flights" ("flight_number", "origin", "destination", "created_at", "updated_at") VALUES ($1, $2, $3, $4, $5) RETURNING "id"[0m  [["flight_number", "CA369"], ["origin", "Canberra"], ["destination", "Lismore"], ["created_at", "2020-11-03 21:28:15.790296"], ["updated_at", "2020-11-03 21:28:15.790296"]]
  ↳ db/seeds.rb:17
  [1m[35m (0.4ms)[0m  [1m[35mCOMMIT[0m
  ↳ db/seeds.rb:17
  [1m[35m (0.3ms)[0m  [1m[34mSELECT COUNT(*) FROM "flights"[0m
  ↳ db/seeds.rb:18
Started GET "/" for ::1 at 2020-11-03 22:04:53 +1100
  [1m[35m (1.3ms)[0m  [1m[34mSELECT "schema_migrations"."version" FROM "schema_migrations" ORDER BY "schema_migrations"."version" ASC[0m
  ↳ /Users/henryzhang/.rvm/gems/ruby-2.7.1/gems/activerecord-5.2.4.4/lib/active_record/log_subscriber.rb:98
Processing by SessionController#new as HTML
  Rendering session/new.html.erb within layouts/application
  Rendered session/new.html.erb within layouts/application (2.8ms)
Completed 200 OK in 399ms (Views: 395.4ms | ActiveRecord: 0.0ms)


Started GET "/airplanes" for ::1 at 2020-11-04 07:35:42 +1100
Processing by AirplanesController#index as HTML
  Rendering airplanes/index.html.erb within layouts/application
  [1m[36mAirplane Load (6.0ms)[0m  [1m[34mSELECT "airplanes".* FROM "airplanes"[0m
  ↳ app/views/airplanes/index.html.erb:5
  Rendered airplanes/index.html.erb within layouts/application (29.1ms)
Completed 200 OK in 52ms (Views: 22.4ms | ActiveRecord: 22.7ms)


Started GET "/airplanes/4" for ::1 at 2020-11-04 07:35:52 +1100
Processing by AirplanesController#show as HTML
  Parameters: {"id"=>"4"}
  [1m[36mAirplane Load (0.4ms)[0m  [1m[34mSELECT  "airplanes".* FROM "airplanes" WHERE "airplanes"."id" = $1 LIMIT $2[0m  [["id", 4], ["LIMIT", 1]]
  ↳ app/controllers/airplanes_controller.rb:16
  Rendering airplanes/show.html.erb within layouts/application
  Rendered airplanes/show.html.erb within layouts/application (0.8ms)
Completed 200 OK in 19ms (Views: 14.2ms | ActiveRecord: 0.6ms)


Started GET "/flights" for ::1 at 2020-11-04 07:35:59 +1100
  
ActionController::RoutingError (uninitialized constant FlightsController):
  
bootsnap (1.5.0) lib/bootsnap/load_path_cache/core_ext/active_support.rb:80:in `block in load_missing_constant'
bootsnap (1.5.0) lib/bootsnap/load_path_cache/core_ext/active_support.rb:9:in `without_bootsnap_cache'
bootsnap (1.5.0) lib/bootsnap/load_path_cache/core_ext/active_support.rb:80:in `rescue in load_missing_constant'
bootsnap (1.5.0) lib/bootsnap/load_path_cache/core_ext/active_support.rb:59:in `load_missing_constant'
activesupport (5.2.4.4) lib/active_support/inflector/methods.rb:283:in `const_get'
activesupport (5.2.4.4) lib/active_support/inflector/methods.rb:283:in `block in constantize'
activesupport (5.2.4.4) lib/active_support/inflector/methods.rb:281:in `each'
activesupport (5.2.4.4) lib/active_support/inflector/methods.rb:281:in `inject'
activesupport (5.2.4.4) lib/active_support/inflector/methods.rb:281:in `constantize'
actionpack (5.2.4.4) lib/action_dispatch/http/request.rb:88:in `controller_class_for'
actionpack (5.2.4.4) lib/action_dispatch/http/request.rb:81:in `controller_class'
actionpack (5.2.4.4) lib/action_dispatch/routing/route_set.rb:46:in `controller'
actionpack (5.2.4.4) lib/action_dispatch/routing/route_set.rb:32:in `serve'
actionpack (5.2.4.4) lib/action_dispatch/journey/router.rb:52:in `block in serve'
actionpack (5.2.4.4) lib/action_dispatch/journey/router.rb:35:in `each'
actionpack (5.2.4.4) lib/action_dispatch/journey/router.rb:35:in `serve'
actionpack (5.2.4.4) lib/action_dispatch/routing/route_set.rb:840:in `call'
rack (2.2.3) lib/rack/tempfile_reaper.rb:15:in `call'
rack (2.2.3) lib/rack/etag.rb:27:in `call'
rack (2.2.3) lib/rack/conditional_get.rb:27:in `call'
rack (2.2.3) lib/rack/head.rb:12:in `call'
actionpack (5.2.4.4) lib/action_dispatch/http/content_security_policy.rb:18:in `call'
rack (2.2.3) lib/rack/session/abstract/id.rb:266:in `context'
rack (2.2.3) lib/rack/session/abstract/id.rb:260:in `call'
actionpack (5.2.4.4) lib/action_dispatch/middleware/cookies.rb:670:in `call'
activerecord (5.2.4.4) lib/active_record/migration.rb:559:in `call'
actionpack (5.2.4.4) lib/action_dispatch/middleware/callbacks.rb:28:in `block in call'
activesupport (5.2.4.4) lib/active_support/callbacks.rb:98:in `run_callbacks'
actionpack (5.2.4.4) lib/action_dispatch/middleware/callbacks.rb:26:in `call'
actionpack (5.2.4.4) lib/action_dispatch/middleware/executor.rb:14:in `call'
actionpack (5.2.4.4) lib/action_dispatch/middleware/debug_exceptions.rb:61:in `call'
web-console (3.7.0) lib/web_console/middleware.rb:135:in `call_app'
web-console (3.7.0) lib/web_console/middleware.rb:30:in `block in call'
web-console (3.7.0) lib/web_console/middleware.rb:20:in `catch'
web-console (3.7.0) lib/web_console/middleware.rb:20:in `call'
actionpack (5.2.4.4) lib/action_dispatch/middleware/show_exceptions.rb:33:in `call'
railties (5.2.4.4) lib/rails/rack/logger.rb:38:in `call_app'
railties (5.2.4.4) lib/rails/rack/logger.rb:26:in `block in call'
activesupport (5.2.4.4) lib/active_support/tagged_logging.rb:71:in `block in tagged'
activesupport (5.2.4.4) lib/active_support/tagged_logging.rb:28:in `tagged'
activesupport (5.2.4.4) lib/active_support/tagged_logging.rb:71:in `tagged'
railties (5.2.4.4) lib/rails/rack/logger.rb:26:in `call'
sprockets-rails (3.2.2) lib/sprockets/rails/quiet_assets.rb:13:in `call'
actionpack (5.2.4.4) lib/action_dispatch/middleware/remote_ip.rb:81:in `call'
actionpack (5.2.4.4) lib/action_dispatch/middleware/request_id.rb:27:in `call'
rack (2.2.3) lib/rack/method_override.rb:24:in `call'
rack (2.2.3) lib/rack/runtime.rb:22:in `call'
activesupport (5.2.4.4) lib/active_support/cache/strategy/local_cache_middleware.rb:29:in `call'
actionpack (5.2.4.4) lib/action_dispatch/middleware/executor.rb:14:in `call'
actionpack (5.2.4.4) lib/action_dispatch/middleware/static.rb:127:in `call'
rack (2.2.3) lib/rack/sendfile.rb:110:in `call'
railties (5.2.4.4) lib/rails/engine.rb:524:in `call'
puma (3.12.6) lib/puma/configuration.rb:227:in `call'
puma (3.12.6) lib/puma/server.rb:706:in `handle_request'
puma (3.12.6) lib/puma/server.rb:476:in `process_client'
puma (3.12.6) lib/puma/server.rb:334:in `block in run'
puma (3.12.6) lib/puma/thread_pool.rb:135:in `block in spawn_thread'
Started GET "/airplanes" for ::1 at 2020-11-04 07:42:32 +1100
Processing by AirplanesController#index as HTML
  Rendering airplanes/index.html.erb within layouts/application
  [1m[36mAirplane Load (0.9ms)[0m  [1m[34mSELECT "airplanes".* FROM "airplanes"[0m
  ↳ app/views/airplanes/index.html.erb:5
  Rendered airplanes/index.html.erb within layouts/application (2.3ms)
Completed 200 OK in 23ms (Views: 19.1ms | ActiveRecord: 0.9ms)


Started GET "/airplanes" for ::1 at 2020-11-04 08:03:11 +1100
  [1m[35m (1.0ms)[0m  [1m[34mSELECT "schema_migrations"."version" FROM "schema_migrations" ORDER BY "schema_migrations"."version" ASC[0m
  ↳ /Users/henryzhang/.rvm/gems/ruby-2.7.1/gems/activerecord-5.2.4.4/lib/active_record/log_subscriber.rb:98
Processing by AirplanesController#index as HTML
  Rendering airplanes/index.html.erb within layouts/application
  [1m[36mAirplane Load (0.7ms)[0m  [1m[34mSELECT "airplanes".* FROM "airplanes"[0m
  ↳ app/views/airplanes/index.html.erb:5
  Rendered airplanes/index.html.erb within layouts/application (14.7ms)
Completed 200 OK in 368ms (Views: 351.0ms | ActiveRecord: 8.9ms)


Started GET "/airplanes/4" for ::1 at 2020-11-04 08:03:16 +1100
Processing by AirplanesController#show as HTML
  Parameters: {"id"=>"4"}
  [1m[36mAirplane Load (0.5ms)[0m  [1m[34mSELECT  "airplanes".* FROM "airplanes" WHERE "airplanes"."id" = $1 LIMIT $2[0m  [["id", 4], ["LIMIT", 1]]
  ↳ app/controllers/airplanes_controller.rb:16
  Rendering airplanes/show.html.erb within layouts/application
  Rendered airplanes/show.html.erb within layouts/application (1.1ms)
Completed 200 OK in 55ms (Views: 48.7ms | ActiveRecord: 0.8ms)


Started GET "/flights" for ::1 at 2020-11-04 08:03:20 +1100
  
ActionController::RoutingError (uninitialized constant FlightsController):
  
bootsnap (1.5.0) lib/bootsnap/load_path_cache/core_ext/active_support.rb:80:in `block in load_missing_constant'
bootsnap (1.5.0) lib/bootsnap/load_path_cache/core_ext/active_support.rb:9:in `without_bootsnap_cache'
bootsnap (1.5.0) lib/bootsnap/load_path_cache/core_ext/active_support.rb:80:in `rescue in load_missing_constant'
bootsnap (1.5.0) lib/bootsnap/load_path_cache/core_ext/active_support.rb:59:in `load_missing_constant'
activesupport (5.2.4.4) lib/active_support/inflector/methods.rb:283:in `const_get'
activesupport (5.2.4.4) lib/active_support/inflector/methods.rb:283:in `block in constantize'
activesupport (5.2.4.4) lib/active_support/inflector/methods.rb:281:in `each'
activesupport (5.2.4.4) lib/active_support/inflector/methods.rb:281:in `inject'
activesupport (5.2.4.4) lib/active_support/inflector/methods.rb:281:in `constantize'
actionpack (5.2.4.4) lib/action_dispatch/http/request.rb:88:in `controller_class_for'
actionpack (5.2.4.4) lib/action_dispatch/http/request.rb:81:in `controller_class'
actionpack (5.2.4.4) lib/action_dispatch/routing/route_set.rb:46:in `controller'
actionpack (5.2.4.4) lib/action_dispatch/routing/route_set.rb:32:in `serve'
actionpack (5.2.4.4) lib/action_dispatch/journey/router.rb:52:in `block in serve'
actionpack (5.2.4.4) lib/action_dispatch/journey/router.rb:35:in `each'
actionpack (5.2.4.4) lib/action_dispatch/journey/router.rb:35:in `serve'
actionpack (5.2.4.4) lib/action_dispatch/routing/route_set.rb:840:in `call'
rack (2.2.3) lib/rack/tempfile_reaper.rb:15:in `call'
rack (2.2.3) lib/rack/etag.rb:27:in `call'
rack (2.2.3) lib/rack/conditional_get.rb:27:in `call'
rack (2.2.3) lib/rack/head.rb:12:in `call'
actionpack (5.2.4.4) lib/action_dispatch/http/content_security_policy.rb:18:in `call'
rack (2.2.3) lib/rack/session/abstract/id.rb:266:in `context'
rack (2.2.3) lib/rack/session/abstract/id.rb:260:in `call'
actionpack (5.2.4.4) lib/action_dispatch/middleware/cookies.rb:670:in `call'
activerecord (5.2.4.4) lib/active_record/migration.rb:559:in `call'
actionpack (5.2.4.4) lib/action_dispatch/middleware/callbacks.rb:28:in `block in call'
activesupport (5.2.4.4) lib/active_support/callbacks.rb:98:in `run_callbacks'
actionpack (5.2.4.4) lib/action_dispatch/middleware/callbacks.rb:26:in `call'
actionpack (5.2.4.4) lib/action_dispatch/middleware/executor.rb:14:in `call'
actionpack (5.2.4.4) lib/action_dispatch/middleware/debug_exceptions.rb:61:in `call'
web-console (3.7.0) lib/web_console/middleware.rb:135:in `call_app'
web-console (3.7.0) lib/web_console/middleware.rb:30:in `block in call'
web-console (3.7.0) lib/web_console/middleware.rb:20:in `catch'
web-console (3.7.0) lib/web_console/middleware.rb:20:in `call'
actionpack (5.2.4.4) lib/action_dispatch/middleware/show_exceptions.rb:33:in `call'
railties (5.2.4.4) lib/rails/rack/logger.rb:38:in `call_app'
railties (5.2.4.4) lib/rails/rack/logger.rb:26:in `block in call'
activesupport (5.2.4.4) lib/active_support/tagged_logging.rb:71:in `block in tagged'
activesupport (5.2.4.4) lib/active_support/tagged_logging.rb:28:in `tagged'
activesupport (5.2.4.4) lib/active_support/tagged_logging.rb:71:in `tagged'
railties (5.2.4.4) lib/rails/rack/logger.rb:26:in `call'
sprockets-rails (3.2.2) lib/sprockets/rails/quiet_assets.rb:13:in `call'
actionpack (5.2.4.4) lib/action_dispatch/middleware/remote_ip.rb:81:in `call'
actionpack (5.2.4.4) lib/action_dispatch/middleware/request_id.rb:27:in `call'
rack (2.2.3) lib/rack/method_override.rb:24:in `call'
rack (2.2.3) lib/rack/runtime.rb:22:in `call'
activesupport (5.2.4.4) lib/active_support/cache/strategy/local_cache_middleware.rb:29:in `call'
actionpack (5.2.4.4) lib/action_dispatch/middleware/executor.rb:14:in `call'
actionpack (5.2.4.4) lib/action_dispatch/middleware/static.rb:127:in `call'
rack (2.2.3) lib/rack/sendfile.rb:110:in `call'
railties (5.2.4.4) lib/rails/engine.rb:524:in `call'
puma (3.12.6) lib/puma/configuration.rb:227:in `call'
puma (3.12.6) lib/puma/server.rb:706:in `handle_request'
puma (3.12.6) lib/puma/server.rb:476:in `process_client'
puma (3.12.6) lib/puma/server.rb:334:in `block in run'
puma (3.12.6) lib/puma/thread_pool.rb:135:in `block in spawn_thread'
Started GET "/flights" for ::1 at 2020-11-04 08:03:23 +1100
  
ActionController::RoutingError (uninitialized constant FlightsController):
  
bootsnap (1.5.0) lib/bootsnap/load_path_cache/core_ext/active_support.rb:80:in `block in load_missing_constant'
bootsnap (1.5.0) lib/bootsnap/load_path_cache/core_ext/active_support.rb:9:in `without_bootsnap_cache'
bootsnap (1.5.0) lib/bootsnap/load_path_cache/core_ext/active_support.rb:80:in `rescue in load_missing_constant'
bootsnap (1.5.0) lib/bootsnap/load_path_cache/core_ext/active_support.rb:59:in `load_missing_constant'
activesupport (5.2.4.4) lib/active_support/inflector/methods.rb:283:in `const_get'
activesupport (5.2.4.4) lib/active_support/inflector/methods.rb:283:in `block in constantize'
activesupport (5.2.4.4) lib/active_support/inflector/methods.rb:281:in `each'
activesupport (5.2.4.4) lib/active_support/inflector/methods.rb:281:in `inject'
activesupport (5.2.4.4) lib/active_support/inflector/methods.rb:281:in `constantize'
actionpack (5.2.4.4) lib/action_dispatch/http/request.rb:88:in `controller_class_for'
actionpack (5.2.4.4) lib/action_dispatch/http/request.rb:81:in `controller_class'
actionpack (5.2.4.4) lib/action_dispatch/routing/route_set.rb:46:in `controller'
actionpack (5.2.4.4) lib/action_dispatch/routing/route_set.rb:32:in `serve'
actionpack (5.2.4.4) lib/action_dispatch/journey/router.rb:52:in `block in serve'
actionpack (5.2.4.4) lib/action_dispatch/journey/router.rb:35:in `each'
actionpack (5.2.4.4) lib/action_dispatch/journey/router.rb:35:in `serve'
actionpack (5.2.4.4) lib/action_dispatch/routing/route_set.rb:840:in `call'
rack (2.2.3) lib/rack/tempfile_reaper.rb:15:in `call'
rack (2.2.3) lib/rack/etag.rb:27:in `call'
rack (2.2.3) lib/rack/conditional_get.rb:27:in `call'
rack (2.2.3) lib/rack/head.rb:12:in `call'
actionpack (5.2.4.4) lib/action_dispatch/http/content_security_policy.rb:18:in `call'
rack (2.2.3) lib/rack/session/abstract/id.rb:266:in `context'
rack (2.2.3) lib/rack/session/abstract/id.rb:260:in `call'
actionpack (5.2.4.4) lib/action_dispatch/middleware/cookies.rb:670:in `call'
activerecord (5.2.4.4) lib/active_record/migration.rb:559:in `call'
actionpack (5.2.4.4) lib/action_dispatch/middleware/callbacks.rb:28:in `block in call'
activesupport (5.2.4.4) lib/active_support/callbacks.rb:98:in `run_callbacks'
actionpack (5.2.4.4) lib/action_dispatch/middleware/callbacks.rb:26:in `call'
actionpack (5.2.4.4) lib/action_dispatch/middleware/executor.rb:14:in `call'
actionpack (5.2.4.4) lib/action_dispatch/middleware/debug_exceptions.rb:61:in `call'
web-console (3.7.0) lib/web_console/middleware.rb:135:in `call_app'
web-console (3.7.0) lib/web_console/middleware.rb:30:in `block in call'
web-console (3.7.0) lib/web_console/middleware.rb:20:in `catch'
web-console (3.7.0) lib/web_console/middleware.rb:20:in `call'
actionpack (5.2.4.4) lib/action_dispatch/middleware/show_exceptions.rb:33:in `call'
railties (5.2.4.4) lib/rails/rack/logger.rb:38:in `call_app'
railties (5.2.4.4) lib/rails/rack/logger.rb:26:in `block in call'
activesupport (5.2.4.4) lib/active_support/tagged_logging.rb:71:in `block in tagged'
activesupport (5.2.4.4) lib/active_support/tagged_logging.rb:28:in `tagged'
activesupport (5.2.4.4) lib/active_support/tagged_logging.rb:71:in `tagged'
railties (5.2.4.4) lib/rails/rack/logger.rb:26:in `call'
sprockets-rails (3.2.2) lib/sprockets/rails/quiet_assets.rb:13:in `call'
actionpack (5.2.4.4) lib/action_dispatch/middleware/remote_ip.rb:81:in `call'
actionpack (5.2.4.4) lib/action_dispatch/middleware/request_id.rb:27:in `call'
rack (2.2.3) lib/rack/method_override.rb:24:in `call'
rack (2.2.3) lib/rack/runtime.rb:22:in `call'
activesupport (5.2.4.4) lib/active_support/cache/strategy/local_cache_middleware.rb:29:in `call'
actionpack (5.2.4.4) lib/action_dispatch/middleware/executor.rb:14:in `call'
actionpack (5.2.4.4) lib/action_dispatch/middleware/static.rb:127:in `call'
rack (2.2.3) lib/rack/sendfile.rb:110:in `call'
railties (5.2.4.4) lib/rails/engine.rb:524:in `call'
puma (3.12.6) lib/puma/configuration.rb:227:in `call'
puma (3.12.6) lib/puma/server.rb:706:in `handle_request'
puma (3.12.6) lib/puma/server.rb:476:in `process_client'
puma (3.12.6) lib/puma/server.rb:334:in `block in run'
puma (3.12.6) lib/puma/thread_pool.rb:135:in `block in spawn_thread'
Started GET "/" for ::1 at 2020-11-04 08:42:06 +1100
  [1m[35m (2.4ms)[0m  [1m[34mSELECT "schema_migrations"."version" FROM "schema_migrations" ORDER BY "schema_migrations"."version" ASC[0m
  ↳ /Users/henryzhang/.rvm/gems/ruby-2.7.1/gems/activerecord-5.2.4.4/lib/active_record/log_subscriber.rb:98
Processing by SessionController#new as HTML
  Rendering session/new.html.erb within layouts/application
  Rendered session/new.html.erb within layouts/application (2.7ms)
Completed 200 OK in 333ms (Views: 327.4ms | ActiveRecord: 0.0ms)


Started GET "/airplanes" for ::1 at 2020-11-04 08:42:13 +1100
Processing by AirplanesController#index as HTML
  Rendering airplanes/index.html.erb within layouts/application
  [1m[36mAirplane Load (1.1ms)[0m  [1m[34mSELECT "airplanes".* FROM "airplanes"[0m
  ↳ app/views/airplanes/index.html.erb:5
  Rendered airplanes/index.html.erb within layouts/application (18.5ms)
Completed 200 OK in 42ms (Views: 28.6ms | ActiveRecord: 8.3ms)


Started GET "/flights/new" for ::1 at 2020-11-04 08:42:29 +1100
  
ActionController::RoutingError (uninitialized constant FlightsController):
  
bootsnap (1.5.0) lib/bootsnap/load_path_cache/core_ext/active_support.rb:80:in `block in load_missing_constant'
bootsnap (1.5.0) lib/bootsnap/load_path_cache/core_ext/active_support.rb:9:in `without_bootsnap_cache'
bootsnap (1.5.0) lib/bootsnap/load_path_cache/core_ext/active_support.rb:80:in `rescue in load_missing_constant'
bootsnap (1.5.0) lib/bootsnap/load_path_cache/core_ext/active_support.rb:59:in `load_missing_constant'
activesupport (5.2.4.4) lib/active_support/inflector/methods.rb:283:in `const_get'
activesupport (5.2.4.4) lib/active_support/inflector/methods.rb:283:in `block in constantize'
activesupport (5.2.4.4) lib/active_support/inflector/methods.rb:281:in `each'
activesupport (5.2.4.4) lib/active_support/inflector/methods.rb:281:in `inject'
activesupport (5.2.4.4) lib/active_support/inflector/methods.rb:281:in `constantize'
actionpack (5.2.4.4) lib/action_dispatch/http/request.rb:88:in `controller_class_for'
actionpack (5.2.4.4) lib/action_dispatch/http/request.rb:81:in `controller_class'
actionpack (5.2.4.4) lib/action_dispatch/routing/route_set.rb:46:in `controller'
actionpack (5.2.4.4) lib/action_dispatch/routing/route_set.rb:32:in `serve'
actionpack (5.2.4.4) lib/action_dispatch/journey/router.rb:52:in `block in serve'
actionpack (5.2.4.4) lib/action_dispatch/journey/router.rb:35:in `each'
actionpack (5.2.4.4) lib/action_dispatch/journey/router.rb:35:in `serve'
actionpack (5.2.4.4) lib/action_dispatch/routing/route_set.rb:840:in `call'
rack (2.2.3) lib/rack/tempfile_reaper.rb:15:in `call'
rack (2.2.3) lib/rack/etag.rb:27:in `call'
rack (2.2.3) lib/rack/conditional_get.rb:27:in `call'
rack (2.2.3) lib/rack/head.rb:12:in `call'
actionpack (5.2.4.4) lib/action_dispatch/http/content_security_policy.rb:18:in `call'
rack (2.2.3) lib/rack/session/abstract/id.rb:266:in `context'
rack (2.2.3) lib/rack/session/abstract/id.rb:260:in `call'
actionpack (5.2.4.4) lib/action_dispatch/middleware/cookies.rb:670:in `call'
activerecord (5.2.4.4) lib/active_record/migration.rb:559:in `call'
actionpack (5.2.4.4) lib/action_dispatch/middleware/callbacks.rb:28:in `block in call'
activesupport (5.2.4.4) lib/active_support/callbacks.rb:98:in `run_callbacks'
actionpack (5.2.4.4) lib/action_dispatch/middleware/callbacks.rb:26:in `call'
actionpack (5.2.4.4) lib/action_dispatch/middleware/executor.rb:14:in `call'
actionpack (5.2.4.4) lib/action_dispatch/middleware/debug_exceptions.rb:61:in `call'
web-console (3.7.0) lib/web_console/middleware.rb:135:in `call_app'
web-console (3.7.0) lib/web_console/middleware.rb:30:in `block in call'
web-console (3.7.0) lib/web_console/middleware.rb:20:in `catch'
web-console (3.7.0) lib/web_console/middleware.rb:20:in `call'
actionpack (5.2.4.4) lib/action_dispatch/middleware/show_exceptions.rb:33:in `call'
railties (5.2.4.4) lib/rails/rack/logger.rb:38:in `call_app'
railties (5.2.4.4) lib/rails/rack/logger.rb:26:in `block in call'
activesupport (5.2.4.4) lib/active_support/tagged_logging.rb:71:in `block in tagged'
activesupport (5.2.4.4) lib/active_support/tagged_logging.rb:28:in `tagged'
activesupport (5.2.4.4) lib/active_support/tagged_logging.rb:71:in `tagged'
railties (5.2.4.4) lib/rails/rack/logger.rb:26:in `call'
sprockets-rails (3.2.2) lib/sprockets/rails/quiet_assets.rb:13:in `call'
actionpack (5.2.4.4) lib/action_dispatch/middleware/remote_ip.rb:81:in `call'
actionpack (5.2.4.4) lib/action_dispatch/middleware/request_id.rb:27:in `call'
rack (2.2.3) lib/rack/method_override.rb:24:in `call'
rack (2.2.3) lib/rack/runtime.rb:22:in `call'
activesupport (5.2.4.4) lib/active_support/cache/strategy/local_cache_middleware.rb:29:in `call'
actionpack (5.2.4.4) lib/action_dispatch/middleware/executor.rb:14:in `call'
actionpack (5.2.4.4) lib/action_dispatch/middleware/static.rb:127:in `call'
rack (2.2.3) lib/rack/sendfile.rb:110:in `call'
railties (5.2.4.4) lib/rails/engine.rb:524:in `call'
puma (3.12.6) lib/puma/configuration.rb:227:in `call'
puma (3.12.6) lib/puma/server.rb:706:in `handle_request'
puma (3.12.6) lib/puma/server.rb:476:in `process_client'
puma (3.12.6) lib/puma/server.rb:334:in `block in run'
puma (3.12.6) lib/puma/thread_pool.rb:135:in `block in spawn_thread'
Started GET "/flights/new" for ::1 at 2020-11-04 08:43:55 +1100
  
LoadError (Unable to autoload constant FlightsController, expected /Users/henryzhang/practise/airline/airlines_ga/airlines-server/app/controllers/flights_controller.rb to define it):
  
activesupport (5.2.4.4) lib/active_support/dependencies.rb:511:in `load_missing_constant'
bootsnap (1.5.0) lib/bootsnap/load_path_cache/core_ext/active_support.rb:61:in `block in load_missing_constant'
bootsnap (1.5.0) lib/bootsnap/load_path_cache/core_ext/active_support.rb:17:in `allow_bootsnap_retry'
bootsnap (1.5.0) lib/bootsnap/load_path_cache/core_ext/active_support.rb:60:in `load_missing_constant'
activesupport (5.2.4.4) lib/active_support/dependencies.rb:195:in `const_missing'
activesupport (5.2.4.4) lib/active_support/inflector/methods.rb:283:in `const_get'
activesupport (5.2.4.4) lib/active_support/inflector/methods.rb:283:in `block in constantize'
activesupport (5.2.4.4) lib/active_support/inflector/methods.rb:281:in `each'
activesupport (5.2.4.4) lib/active_support/inflector/methods.rb:281:in `inject'
activesupport (5.2.4.4) lib/active_support/inflector/methods.rb:281:in `constantize'
activesupport (5.2.4.4) lib/active_support/dependencies.rb:582:in `get'
activesupport (5.2.4.4) lib/active_support/dependencies.rb:613:in `constantize'
actionpack (5.2.4.4) lib/action_dispatch/http/request.rb:88:in `controller_class_for'
actionpack (5.2.4.4) lib/action_dispatch/http/parameters.rb:101:in `binary_params_for?'
actionpack (5.2.4.4) lib/action_dispatch/http/parameters.rb:92:in `set_binary_encoding'
actionpack (5.2.4.4) lib/action_dispatch/http/parameters.rb:69:in `path_parameters='
actionpack (5.2.4.4) lib/action_dispatch/journey/router.rb:50:in `block in serve'
actionpack (5.2.4.4) lib/action_dispatch/journey/router.rb:35:in `each'
actionpack (5.2.4.4) lib/action_dispatch/journey/router.rb:35:in `serve'
actionpack (5.2.4.4) lib/action_dispatch/routing/route_set.rb:840:in `call'
rack (2.2.3) lib/rack/tempfile_reaper.rb:15:in `call'
rack (2.2.3) lib/rack/etag.rb:27:in `call'
rack (2.2.3) lib/rack/conditional_get.rb:27:in `call'
rack (2.2.3) lib/rack/head.rb:12:in `call'
actionpack (5.2.4.4) lib/action_dispatch/http/content_security_policy.rb:18:in `call'
rack (2.2.3) lib/rack/session/abstract/id.rb:266:in `context'
rack (2.2.3) lib/rack/session/abstract/id.rb:260:in `call'
actionpack (5.2.4.4) lib/action_dispatch/middleware/cookies.rb:670:in `call'
activerecord (5.2.4.4) lib/active_record/migration.rb:559:in `call'
actionpack (5.2.4.4) lib/action_dispatch/middleware/callbacks.rb:28:in `block in call'
activesupport (5.2.4.4) lib/active_support/callbacks.rb:98:in `run_callbacks'
actionpack (5.2.4.4) lib/action_dispatch/middleware/callbacks.rb:26:in `call'
actionpack (5.2.4.4) lib/action_dispatch/middleware/executor.rb:14:in `call'
actionpack (5.2.4.4) lib/action_dispatch/middleware/debug_exceptions.rb:61:in `call'
web-console (3.7.0) lib/web_console/middleware.rb:135:in `call_app'
web-console (3.7.0) lib/web_console/middleware.rb:30:in `block in call'
web-console (3.7.0) lib/web_console/middleware.rb:20:in `catch'
web-console (3.7.0) lib/web_console/middleware.rb:20:in `call'
actionpack (5.2.4.4) lib/action_dispatch/middleware/show_exceptions.rb:33:in `call'
railties (5.2.4.4) lib/rails/rack/logger.rb:38:in `call_app'
railties (5.2.4.4) lib/rails/rack/logger.rb:26:in `block in call'
activesupport (5.2.4.4) lib/active_support/tagged_logging.rb:71:in `block in tagged'
activesupport (5.2.4.4) lib/active_support/tagged_logging.rb:28:in `tagged'
activesupport (5.2.4.4) lib/active_support/tagged_logging.rb:71:in `tagged'
railties (5.2.4.4) lib/rails/rack/logger.rb:26:in `call'
sprockets-rails (3.2.2) lib/sprockets/rails/quiet_assets.rb:13:in `call'
actionpack (5.2.4.4) lib/action_dispatch/middleware/remote_ip.rb:81:in `call'
actionpack (5.2.4.4) lib/action_dispatch/middleware/request_id.rb:27:in `call'
rack (2.2.3) lib/rack/method_override.rb:24:in `call'
rack (2.2.3) lib/rack/runtime.rb:22:in `call'
activesupport (5.2.4.4) lib/active_support/cache/strategy/local_cache_middleware.rb:29:in `call'
actionpack (5.2.4.4) lib/action_dispatch/middleware/executor.rb:14:in `call'
actionpack (5.2.4.4) lib/action_dispatch/middleware/static.rb:127:in `call'
rack (2.2.3) lib/rack/sendfile.rb:110:in `call'
railties (5.2.4.4) lib/rails/engine.rb:524:in `call'
puma (3.12.6) lib/puma/configuration.rb:227:in `call'
puma (3.12.6) lib/puma/server.rb:706:in `handle_request'
puma (3.12.6) lib/puma/server.rb:476:in `process_client'
puma (3.12.6) lib/puma/server.rb:334:in `block in run'
puma (3.12.6) lib/puma/thread_pool.rb:135:in `block in spawn_thread'
Started GET "/flights/new" for ::1 at 2020-11-04 08:47:27 +1100
  [1m[35m (1.1ms)[0m  [1m[34mSELECT "schema_migrations"."version" FROM "schema_migrations" ORDER BY "schema_migrations"."version" ASC[0m
  ↳ /Users/henryzhang/.rvm/gems/ruby-2.7.1/gems/activerecord-5.2.4.4/lib/active_record/log_subscriber.rb:98
  
AbstractController::ActionNotFound (The action 'new' could not be found for FlightsController):
  
actionpack (5.2.4.4) lib/abstract_controller/base.rb:129:in `process'
actionview (5.2.4.4) lib/action_view/rendering.rb:32:in `process'
actionpack (5.2.4.4) lib/action_controller/metal.rb:191:in `dispatch'
actionpack (5.2.4.4) lib/action_controller/metal.rb:252:in `dispatch'
actionpack (5.2.4.4) lib/action_dispatch/routing/route_set.rb:52:in `dispatch'
actionpack (5.2.4.4) lib/action_dispatch/routing/route_set.rb:34:in `serve'
actionpack (5.2.4.4) lib/action_dispatch/journey/router.rb:52:in `block in serve'
actionpack (5.2.4.4) lib/action_dispatch/journey/router.rb:35:in `each'
actionpack (5.2.4.4) lib/action_dispatch/journey/router.rb:35:in `serve'
actionpack (5.2.4.4) lib/action_dispatch/routing/route_set.rb:840:in `call'
rack (2.2.3) lib/rack/tempfile_reaper.rb:15:in `call'
rack (2.2.3) lib/rack/etag.rb:27:in `call'
rack (2.2.3) lib/rack/conditional_get.rb:27:in `call'
rack (2.2.3) lib/rack/head.rb:12:in `call'
actionpack (5.2.4.4) lib/action_dispatch/http/content_security_policy.rb:18:in `call'
rack (2.2.3) lib/rack/session/abstract/id.rb:266:in `context'
rack (2.2.3) lib/rack/session/abstract/id.rb:260:in `call'
actionpack (5.2.4.4) lib/action_dispatch/middleware/cookies.rb:670:in `call'
activerecord (5.2.4.4) lib/active_record/migration.rb:559:in `call'
actionpack (5.2.4.4) lib/action_dispatch/middleware/callbacks.rb:28:in `block in call'
activesupport (5.2.4.4) lib/active_support/callbacks.rb:98:in `run_callbacks'
actionpack (5.2.4.4) lib/action_dispatch/middleware/callbacks.rb:26:in `call'
actionpack (5.2.4.4) lib/action_dispatch/middleware/executor.rb:14:in `call'
actionpack (5.2.4.4) lib/action_dispatch/middleware/debug_exceptions.rb:61:in `call'
web-console (3.7.0) lib/web_console/middleware.rb:135:in `call_app'
web-console (3.7.0) lib/web_console/middleware.rb:30:in `block in call'
web-console (3.7.0) lib/web_console/middleware.rb:20:in `catch'
web-console (3.7.0) lib/web_console/middleware.rb:20:in `call'
actionpack (5.2.4.4) lib/action_dispatch/middleware/show_exceptions.rb:33:in `call'
railties (5.2.4.4) lib/rails/rack/logger.rb:38:in `call_app'
railties (5.2.4.4) lib/rails/rack/logger.rb:26:in `block in call'
activesupport (5.2.4.4) lib/active_support/tagged_logging.rb:71:in `block in tagged'
activesupport (5.2.4.4) lib/active_support/tagged_logging.rb:28:in `tagged'
activesupport (5.2.4.4) lib/active_support/tagged_logging.rb:71:in `tagged'
railties (5.2.4.4) lib/rails/rack/logger.rb:26:in `call'
sprockets-rails (3.2.2) lib/sprockets/rails/quiet_assets.rb:13:in `call'
actionpack (5.2.4.4) lib/action_dispatch/middleware/remote_ip.rb:81:in `call'
actionpack (5.2.4.4) lib/action_dispatch/middleware/request_id.rb:27:in `call'
rack (2.2.3) lib/rack/method_override.rb:24:in `call'
rack (2.2.3) lib/rack/runtime.rb:22:in `call'
activesupport (5.2.4.4) lib/active_support/cache/strategy/local_cache_middleware.rb:29:in `call'
actionpack (5.2.4.4) lib/action_dispatch/middleware/executor.rb:14:in `call'
actionpack (5.2.4.4) lib/action_dispatch/middleware/static.rb:127:in `call'
rack (2.2.3) lib/rack/sendfile.rb:110:in `call'
railties (5.2.4.4) lib/rails/engine.rb:524:in `call'
puma (3.12.6) lib/puma/configuration.rb:227:in `call'
puma (3.12.6) lib/puma/server.rb:706:in `handle_request'
puma (3.12.6) lib/puma/server.rb:476:in `process_client'
puma (3.12.6) lib/puma/server.rb:334:in `block in run'
puma (3.12.6) lib/puma/thread_pool.rb:135:in `block in spawn_thread'
